<?xml version="1.0" encoding="UTF-8"?>
<coverage generated="1778747649460" clover="3.2.0">
  <project timestamp="1778747649460" name="All files">
    <metrics statements="23" coveredstatements="23" conditionals="10" coveredconditionals="10" methods="2" coveredmethods="2" elements="35" coveredelements="35" complexity="0" loc="23" ncloc="23" packages="1" files="1" classes="1"/>
    <file name="useNavigationGuard.ts" path="/Users/alexverbraecken/Documents/GitHub/Hoops-CMS/laravel/resources/js/composables/useNavigationGuard.ts">
      <metrics statements="23" coveredstatements="23" conditionals="10" coveredconditionals="10" methods="2" coveredmethods="2"/>
      <line num="1" count="1" type="stmt"/>
      <line num="2" count="1" type="stmt"/>
      <line num="4" count="1" type="cond" truecount="1" falsecount="0"/>
      <line num="5" count="7" type="cond" truecount="1" falsecount="0"/>
      <line num="6" count="4" type="cond" truecount="2" falsecount="0"/>
      <line num="7" count="3" type="cond" truecount="2" falsecount="0"/>
      <line num="8" count="2" type="stmt"/>
      <line num="9" count="2" type="stmt"/>
      <line num="10" count="2" type="stmt"/>
      <line num="11" count="4" type="cond" truecount="1" falsecount="0"/>
      <line num="12" count="7" type="stmt"/>
      <line num="14" count="7" type="cond" truecount="1" falsecount="0"/>
      <line num="15" count="2" type="cond" truecount="1" falsecount="0"/>
      <line num="16" count="1" type="stmt"/>
      <line num="17" count="1" type="stmt"/>
      <line num="18" count="1" type="stmt"/>
      <line num="19" count="2" type="stmt"/>
      <line num="21" count="7" type="stmt"/>
      <line num="23" count="7" type="cond" truecount="1" falsecount="0"/>
      <line num="24" count="1" type="stmt"/>
      <line num="25" count="1" type="stmt"/>
      <line num="26" count="7" type="stmt"/>
      <line num="27" count="7" type="stmt"/>
    </file>
  </project>
</coverage>
