TN:
SF:resources/js/Layouts/AdminLayout.vue
FN:18,sidebarOpen.value
FN:20,logout
FN:24,cycleTheme
FN:42,$setup.sidebarOpen.onClick._cache.<computed>._cache.<computed>
FN:210,onClick._cache.<computed>._cache.<computed>
FNF:5
FNH:4
FNDA:21,sidebarOpen.value
FNDA:0,logout
FNDA:3,cycleTheme
FNDA:1,$setup.sidebarOpen.onClick._cache.<computed>._cache.<computed>
FNDA:4,onClick._cache.<computed>._cache.<computed>
DA:2,1
DA:3,1
DA:4,1
DA:5,1
DA:6,1
DA:7,1
DA:10,1
DA:11,1
DA:12,1
DA:14,1
DA:15,1
DA:16,1
DA:18,1
DA:20,0
DA:21,0
DA:22,0
DA:24,3
DA:25,3
DA:26,3
DA:27,3
DA:31,1
DA:32,1
DA:33,1
DA:34,1
DA:35,1
DA:36,1
DA:37,1
DA:38,1
DA:39,1
DA:40,1
DA:41,1
DA:42,1
DA:43,1
DA:45,1
DA:46,1
DA:47,1
DA:52,1
DA:53,1
DA:54,1
DA:55,1
DA:57,1
DA:58,1
DA:59,1
DA:60,1
DA:61,1
DA:62,1
DA:64,1
DA:65,1
DA:66,1
DA:67,1
DA:68,1
DA:69,1
DA:70,1
DA:71,1
DA:72,1
DA:73,1
DA:74,1
DA:75,1
DA:76,1
DA:77,1
DA:78,1
DA:79,1
DA:80,1
DA:81,1
DA:82,1
DA:83,1
DA:84,1
DA:85,1
DA:86,1
DA:87,1
DA:88,1
DA:89,1
DA:90,1
DA:91,1
DA:92,1
DA:93,1
DA:94,1
DA:96,11
DA:97,1
DA:98,1
DA:99,1
DA:100,1
DA:102,1
DA:103,1
DA:104,1
DA:105,1
DA:106,1
DA:107,1
DA:108,1
DA:109,1
DA:110,1
DA:111,1
DA:112,1
DA:113,1
DA:114,1
DA:115,1
DA:117,11
DA:118,1
DA:119,1
DA:120,1
DA:121,1
DA:123,1
DA:124,1
DA:125,1
DA:126,1
DA:127,1
DA:128,1
DA:129,1
DA:130,1
DA:131,1
DA:132,1
DA:133,1
DA:134,1
DA:135,1
DA:136,1
DA:138,11
DA:139,1
DA:140,1
DA:141,1
DA:142,1
DA:144,1
DA:145,1
DA:146,1
DA:147,1
DA:148,1
DA:149,1
DA:150,1
DA:151,1
DA:152,1
DA:153,1
DA:154,1
DA:156,11
DA:157,1
DA:158,1
DA:159,1
DA:160,1
DA:162,1
DA:163,1
DA:164,1
DA:165,1
DA:166,1
DA:167,1
DA:168,1
DA:169,1
DA:170,1
DA:171,1
DA:172,1
DA:173,1
DA:174,1
DA:175,1
DA:176,1
DA:177,1
DA:178,1
DA:180,11
DA:181,1
DA:183,1
DA:184,1
DA:185,1
DA:186,1
DA:187,1
DA:188,1
DA:189,1
DA:190,1
DA:191,1
DA:192,1
DA:193,0
DA:194,0
DA:195,0
DA:196,1
DA:197,1
DA:198,1
DA:200,1
DA:201,1
DA:202,1
DA:203,1
DA:204,1
DA:206,1
DA:207,1
DA:208,1
DA:209,1
DA:210,1
DA:212,1
DA:213,1
DA:214,1
DA:215,1
DA:216,1
DA:217,1
DA:219,1
DA:220,1
DA:221,1
DA:222,1
DA:223,1
DA:224,1
DA:225,1
DA:226,1
DA:227,1
DA:228,1
DA:229,1
DA:230,1
DA:231,1
DA:232,1
DA:233,1
DA:234,1
DA:235,1
DA:237,1
DA:238,1
DA:239,1
DA:240,15
DA:241,15
DA:242,15
DA:243,15
DA:244,15
DA:246,15
DA:247,15
DA:248,15
DA:249,15
DA:250,15
DA:251,15
DA:252,15
DA:253,15
DA:254,15
DA:255,15
DA:256,9
DA:257,9
DA:258,1
DA:259,17
DA:260,17
DA:261,17
DA:262,17
DA:263,17
DA:265,17
DA:266,17
DA:267,17
DA:268,17
DA:269,17
DA:270,17
DA:271,17
DA:272,17
DA:274,1
DA:275,1
DA:276,1
DA:277,1
DA:278,1
DA:280,1
DA:281,1
DA:282,1
DA:283,1
DA:284,1
DA:285,1
DA:286,1
DA:287,1
DA:288,1
DA:289,1
DA:290,1
DA:291,1
DA:292,1
DA:293,1
DA:294,1
DA:295,1
DA:296,1
DA:298,1
DA:299,1
DA:300,1
DA:302,1
DA:303,1
DA:305,1
DA:306,1
DA:307,1
DA:308,1
DA:309,1
DA:310,1
LF:271
LH:265
BRDA:12,0,0,11
BRDA:18,1,0,21
BRDA:18,2,0,10
BRDA:24,3,0,3
BRDA:192,4,0,0
BRDA:210,5,0,11
BRDA:239,6,0,15
BRDA:256,7,0,9
BRDA:258,8,0,17
BRDA:42,9,0,1
BRDA:95,10,0,1
BRDA:116,11,0,1
BRDA:137,12,0,1
BRDA:155,13,0,1
BRDA:179,14,0,1
BRDA:210,15,0,4
BRF:16
BRH:15
end_of_record
TN:
SF:resources/js/Pages/Error.vue
FNF:0
FNH:0
DA:2,1
DA:4,1
DA:6,1
DA:7,1
DA:8,1
DA:9,1
DA:10,1
DA:11,1
DA:12,1
DA:14,1
DA:15,1
DA:16,1
DA:17,1
DA:18,1
DA:19,1
DA:20,1
DA:22,1
DA:23,1
DA:27,1
DA:28,1
DA:29,1
DA:30,1
DA:31,1
DA:32,1
DA:33,1
DA:34,1
DA:35,1
DA:36,1
DA:37,1
DA:38,1
DA:39,1
DA:40,1
DA:41,1
DA:43,1
DA:44,1
DA:45,1
LF:36
LH:36
BRDA:22,0,0,8
BRDA:22,1,0,1
BRDA:23,2,0,8
BRDA:23,3,0,1
BRF:4
BRH:4
end_of_record
TN:
SF:resources/js/Pages/Home.vue
FN:1,(empty-report)
FNF:1
FNH:1
FNDA:1,(empty-report)
DA:2,0
DA:3,0
DA:5,0
DA:6,0
LF:4
LH:0
BRDA:1,0,0,1
BRF:1
BRH:1
end_of_record
TN:
SF:resources/js/Pages/Admin/Dashboard.vue
FNF:0
FNH:0
DA:2,1
DA:3,1
DA:4,1
DA:13,1
DA:14,1
DA:16,5
DA:18,1
DA:19,1
DA:20,1
DA:21,1
DA:22,1
DA:23,1
DA:25,1
DA:26,1
DA:27,1
DA:28,1
DA:29,1
DA:30,1
DA:31,5
DA:32,5
DA:33,5
DA:34,1
DA:35,1
DA:37,1
DA:38,1
DA:39,1
DA:41,1
DA:42,1
DA:43,1
DA:44,1
DA:45,1
DA:46,1
DA:47,5
DA:48,5
DA:49,5
DA:50,1
DA:51,1
DA:53,1
DA:54,1
DA:55,1
DA:57,1
DA:58,1
DA:59,1
DA:60,1
DA:61,1
DA:62,1
DA:63,1
DA:64,1
DA:66,1
DA:67,1
DA:68,1
DA:70,1
DA:71,1
DA:72,1
DA:73,1
DA:74,1
DA:75,1
DA:76,1
DA:77,1
DA:78,1
DA:80,1
DA:81,1
DA:82,1
DA:83,1
DA:85,1
DA:86,1
DA:87,1
DA:88,1
DA:89,1
DA:90,1
DA:91,1
DA:93,1
DA:94,1
DA:96,1
DA:98,1
DA:99,1
DA:100,1
DA:102,1
DA:103,1
DA:105,1
DA:106,1
DA:108,1
DA:109,1
DA:111,1
DA:112,1
DA:113,1
DA:114,1
DA:115,1
DA:116,1
DA:117,1
DA:118,1
DA:120,1
DA:121,1
DA:122,1
DA:123,1
DA:124,1
DA:125,1
DA:126,1
DA:127,1
DA:128,1
DA:129,1
DA:130,1
DA:131,1
DA:132,1
DA:133,1
DA:134,1
DA:135,1
DA:136,1
DA:137,1
DA:138,1
LF:110
LH:110
BRDA:14,0,0,5
BRDA:25,1,0,5
BRDA:31,2,0,5
BRDA:41,3,0,5
BRDA:47,4,0,5
BRDA:57,5,0,5
BRDA:70,6,0,5
BRDA:85,7,0,5
BRDA:89,8,0,1
BRF:9
BRH:9
end_of_record
TN:
SF:resources/js/Pages/Admin/Auth/ForgotPassword.vue
FN:16,submit
FN:51,onUpdate:modelValue._cache.<computed>._cache.<computed>
FNF:2
FNH:1
FNDA:1,submit
FNDA:0,onUpdate:modelValue._cache.<computed>._cache.<computed>
DA:2,1
DA:3,1
DA:4,1
DA:5,1
DA:6,1
DA:7,1
DA:10,1
DA:12,1
DA:13,1
DA:14,1
DA:16,1
DA:17,1
DA:18,1
DA:22,1
DA:23,1
DA:24,1
DA:25,1
DA:26,1
DA:28,1
DA:29,1
DA:30,1
DA:31,1
DA:32,1
DA:34,1
DA:35,1
DA:36,1
DA:37,1
DA:38,1
DA:40,1
DA:41,1
DA:42,1
DA:43,1
DA:44,1
DA:45,1
DA:47,1
DA:48,1
DA:49,1
DA:50,1
DA:51,1
DA:52,1
DA:53,1
DA:54,1
DA:55,1
DA:56,1
DA:57,1
DA:58,1
DA:60,1
DA:61,1
DA:62,1
DA:64,1
DA:65,1
DA:66,1
DA:67,1
DA:70,1
DA:71,1
DA:72,1
DA:74,1
DA:75,1
DA:76,1
DA:77,1
DA:78,1
DA:80,1
DA:81,1
DA:82,1
DA:83,1
DA:84,1
DA:85,1
DA:86,1
LF:68
LH:68
BRDA:16,0,0,1
BRDA:25,1,0,1
BRDA:28,2,0,5
BRDA:31,3,0,1
BRDA:34,4,0,5
BRDA:40,5,0,6
BRDA:57,6,0,1
BRDA:60,7,0,5
BRDA:48,8,0,6
BRDA:70,9,0,0
BRDA:80,10,0,6
BRF:11
BRH:10
end_of_record
TN:
SF:resources/js/Pages/Admin/Auth/Login.vue
FN:18,submit
FN:20,onFinish
FN:55,onUpdate:modelValue._cache.<computed>._cache.<computed>
FN:72,onUpdate:modelValue._cache.<computed>._cache.<computed>
FN:87,onUpdate:modelValue._cache.<computed>._cache.<computed>
FNF:5
FNH:1
FNDA:1,submit
FNDA:0,onFinish
FNDA:0,onUpdate:modelValue._cache.<computed>._cache.<computed>
FNDA:0,onUpdate:modelValue._cache.<computed>._cache.<computed>
FNDA:0,onUpdate:modelValue._cache.<computed>._cache.<computed>
DA:2,1
DA:3,1
DA:4,1
DA:5,1
DA:6,1
DA:7,1
DA:10,1
DA:12,1
DA:13,1
DA:14,1
DA:15,1
DA:16,1
DA:18,1
DA:19,1
DA:20,1
DA:21,1
DA:22,1
DA:26,1
DA:27,1
DA:28,1
DA:29,1
DA:30,1
DA:32,1
DA:33,1
DA:34,1
DA:35,1
DA:36,1
DA:38,1
DA:39,1
DA:40,1
DA:41,1
DA:42,1
DA:44,1
DA:45,1
DA:46,1
DA:47,1
DA:48,1
DA:49,1
DA:51,1
DA:52,1
DA:53,1
DA:54,1
DA:55,1
DA:56,1
DA:57,1
DA:58,1
DA:59,1
DA:60,1
DA:61,1
DA:62,1
DA:64,1
DA:65,1
DA:66,1
DA:68,1
DA:69,1
DA:70,1
DA:71,1
DA:72,1
DA:73,1
DA:74,1
DA:75,1
DA:76,1
DA:77,1
DA:78,1
DA:80,1
DA:81,1
DA:82,1
DA:84,1
DA:85,1
DA:86,1
DA:87,1
DA:88,1
DA:89,1
DA:90,1
DA:91,1
DA:92,1
DA:94,1
DA:95,1
DA:96,1
DA:97,1
DA:99,1
DA:100,1
DA:101,1
DA:102,1
DA:103,1
DA:104,1
DA:105,1
DA:107,1
DA:108,1
DA:109,1
DA:110,1
DA:111,1
DA:112,1
DA:113,1
LF:94
LH:94
BRDA:18,0,0,1
BRDA:29,1,0,1
BRDA:32,2,0,6
BRDA:35,3,0,1
BRDA:38,4,0,6
BRDA:44,5,0,7
BRDA:61,6,0,1
BRDA:64,7,0,6
BRDA:77,8,0,1
BRDA:80,9,0,6
BRDA:52,10,0,7
BRDA:69,11,0,7
BRDA:91,12,0,7
BRDA:99,13,0,0
BRDA:107,14,0,7
BRF:15
BRH:14
end_of_record
TN:
SF:resources/js/Pages/Admin/Auth/ResetPassword.vue
FN:38,onUpdate:modelValue._cache.<computed>._cache.<computed>
FN:53,onUpdate:modelValue._cache.<computed>._cache.<computed>
FN:69,onUpdate:modelValue._cache.<computed>._cache.<computed>
FNF:3
FNH:0
FNDA:0,onUpdate:modelValue._cache.<computed>._cache.<computed>
FNDA:0,onUpdate:modelValue._cache.<computed>._cache.<computed>
FNDA:0,onUpdate:modelValue._cache.<computed>._cache.<computed>
DA:2,1
DA:3,1
DA:4,1
DA:5,1
DA:6,1
DA:7,1
DA:9,1
DA:10,1
DA:11,1
DA:12,1
DA:13,1
DA:14,1
DA:15,1
DA:19,1
DA:20,1
DA:21,1
DA:22,1
DA:23,1
DA:25,1
DA:26,1
DA:27,1
DA:28,1
DA:29,1
DA:30,1
DA:34,1
DA:35,1
DA:36,1
DA:37,1
DA:38,1
DA:39,1
DA:40,1
DA:41,1
DA:42,1
DA:43,1
DA:44,1
DA:46,1
DA:47,1
DA:48,1
DA:49,1
DA:50,1
DA:51,1
DA:52,1
DA:53,1
DA:54,1
DA:55,1
DA:56,1
DA:57,1
DA:58,1
DA:59,1
DA:60,1
DA:62,1
DA:63,1
DA:64,1
DA:65,1
DA:66,1
DA:67,1
DA:68,1
DA:69,1
DA:70,1
DA:71,1
DA:72,1
DA:73,1
DA:74,1
DA:75,1
DA:77,1
DA:78,1
DA:79,1
DA:80,1
DA:81,1
DA:82,1
DA:83,1
DA:86,1
DA:89,1
DA:90,1
DA:91,1
DA:92,1
DA:93,1
DA:94,1
DA:95,1
LF:79
LH:79
BRDA:25,0,0,5
BRDA:43,1,0,1
BRDA:46,2,0,4
BRDA:59,3,0,1
BRDA:62,4,0,4
BRDA:74,5,0,1
BRDA:77,6,0,4
BRDA:30,7,0,1
BRDA:35,8,0,5
BRDA:50,9,0,5
BRDA:66,10,0,5
BRDA:86,11,0,0
BRF:12
BRH:11
end_of_record
TN:
SF:resources/js/Pages/Admin/Categories/Create.vue
FN:27,submit
FN:46,onUpdate:modelValue._cache.<computed>._cache.<computed>
FN:60,onUpdate:modelValue._cache.<computed>._cache.<computed>
FN:75,onUpdate:modelValue._cache.<computed>._cache.<computed>
FN:82,onUpdate:modelValue._cache.<computed>._cache.<computed>
FNF:5
FNH:1
FNDA:1,submit
FNDA:0,onUpdate:modelValue._cache.<computed>._cache.<computed>
FNDA:0,onUpdate:modelValue._cache.<computed>._cache.<computed>
FNDA:0,onUpdate:modelValue._cache.<computed>._cache.<computed>
FNDA:0,onUpdate:modelValue._cache.<computed>._cache.<computed>
DA:2,1
DA:3,1
DA:4,1
DA:5,1
DA:6,1
DA:7,1
DA:8,1
DA:9,1
DA:10,1
DA:11,1
DA:18,1
DA:19,1
DA:20,1
DA:21,1
DA:22,1
DA:23,1
DA:25,1
DA:27,1
DA:28,1
DA:29,1
DA:33,1
DA:34,1
DA:36,5
DA:38,1
DA:39,1
DA:40,1
DA:42,1
DA:43,1
DA:44,1
DA:45,1
DA:46,1
DA:47,1
DA:48,1
DA:49,1
DA:50,1
DA:51,1
DA:53,1
DA:54,1
DA:55,1
DA:57,1
DA:58,1
DA:59,1
DA:60,1
DA:61,1
DA:62,1
DA:63,1
DA:64,1
DA:65,0
DA:67,0
DA:68,1
DA:69,1
DA:71,1
DA:72,1
DA:73,1
DA:74,1
DA:75,1
DA:76,1
DA:77,1
DA:78,1
DA:80,1
DA:81,1
DA:82,1
DA:83,1
DA:84,1
DA:85,1
DA:86,1
DA:87,1
DA:89,1
DA:90,1
DA:91,1
DA:92,1
DA:93,1
DA:95,1
DA:96,1
DA:97,1
DA:98,1
DA:99,1
DA:100,1
DA:101,0
DA:103,0
DA:104,1
DA:105,1
DA:107,1
DA:108,1
DA:109,1
DA:110,1
DA:111,1
DA:112,1
DA:114,1
DA:115,1
DA:116,1
DA:117,1
DA:118,1
DA:120,1
DA:121,1
DA:122,1
DA:123,1
LF:97
LH:93
BRDA:27,0,0,1
BRDA:34,1,0,5
BRDA:50,2,0,1
BRDA:53,3,0,4
BRDA:64,4,0,0
BRDA:100,5,0,0
BRDA:43,6,0,5
BRDA:58,7,0,5
BRDA:72,8,0,5
BRDA:81,9,0,5
BRDA:89,10,0,5
BRDA:114,11,0,5
BRDA:120,12,0,5
BRF:13
BRH:11
end_of_record
TN:
SF:resources/js/Pages/Admin/Categories/Edit.vue
FN:28,submit
FN:30,onSuccess
FN:49,onUpdate:modelValue._cache.<computed>._cache.<computed>
FN:62,onUpdate:modelValue._cache.<computed>._cache.<computed>
FN:75,onUpdate:modelValue._cache.<computed>._cache.<computed>
FN:82,onUpdate:modelValue._cache.<computed>._cache.<computed>
FNF:6
FNH:1
FNDA:1,submit
FNDA:0,onSuccess
FNDA:0,onUpdate:modelValue._cache.<computed>._cache.<computed>
FNDA:0,onUpdate:modelValue._cache.<computed>._cache.<computed>
FNDA:0,onUpdate:modelValue._cache.<computed>._cache.<computed>
FNDA:0,onUpdate:modelValue._cache.<computed>._cache.<computed>
DA:2,1
DA:3,1
DA:4,1
DA:5,1
DA:6,1
DA:7,1
DA:8,1
DA:9,1
DA:10,1
DA:11,1
DA:14,1
DA:19,1
DA:20,1
DA:21,1
DA:22,1
DA:23,1
DA:24,1
DA:26,1
DA:28,1
DA:29,1
DA:30,1
DA:31,1
DA:32,1
DA:36,1
DA:37,1
DA:39,5
DA:41,1
DA:42,1
DA:43,1
DA:45,1
DA:46,1
DA:47,1
DA:48,1
DA:49,1
DA:50,1
DA:51,1
DA:52,1
DA:53,1
DA:54,0
DA:56,0
DA:57,1
DA:58,1
DA:60,1
DA:61,1
DA:62,1
DA:63,1
DA:64,1
DA:65,0
DA:67,0
DA:68,1
DA:69,1
DA:71,1
DA:72,1
DA:73,1
DA:74,1
DA:75,1
DA:76,1
DA:77,1
DA:78,1
DA:80,1
DA:81,1
DA:82,1
DA:83,1
DA:84,1
DA:85,1
DA:86,1
DA:87,1
DA:89,1
DA:90,1
DA:91,1
DA:92,1
DA:93,1
DA:95,1
DA:96,1
DA:97,1
DA:98,1
DA:99,1
DA:100,1
DA:101,0
DA:103,0
DA:104,1
DA:105,1
DA:107,1
DA:108,1
DA:109,1
DA:110,1
DA:111,1
DA:112,1
DA:114,1
DA:115,1
DA:116,1
DA:117,1
DA:118,1
DA:120,1
DA:121,1
DA:122,1
DA:123,1
LF:97
LH:91
BRDA:22,0,0,0
BRDA:23,1,0,0
BRDA:28,2,0,1
BRDA:37,3,0,5
BRDA:53,4,0,0
BRDA:64,5,0,0
BRDA:100,6,0,0
BRDA:46,7,0,5
BRDA:61,8,0,5
BRDA:72,9,0,5
BRDA:81,10,0,5
BRDA:89,11,0,5
BRDA:114,12,0,5
BRDA:120,13,0,5
BRF:14
BRH:9
end_of_record
TN:
SF:resources/js/Pages/Admin/Categories/Index.vue
FN:24,confirmDelete
FN:29,confirmForceDelete
FN:34,doDelete
FN:37,onFinish
FN:41,doForceDelete
FN:48,restore
FN:52,switchView
FN:73,triggerBulk
FN:78,submitBulkAction
FN:84,onSuccess
FN:85,onFinish
FN:105,onClick._cache.<computed>._cache.<computed>
FN:112,onClick._cache.<computed>._cache.<computed>
FN:138,$setup.selectedIds.length.$setup.authStore.hasRole.$props.trash.onClick._cache.<computed>._cache.<computed>
FN:146,$setup.selectedIds.length.$setup.authStore.hasRole.$props.trash.onClick._cache.<computed>._cache.<computed>
FN:153,$setup.selectedIds.length.$setup.authStore.hasRole.onClick._cache.<computed>._cache.<computed>
FN:171,$setup.authStore.hasRole.onChange._cache.<computed>._cache.<computed>
FN:209,onChange
FN:238,onClick
FN:250,onClick
FN:257,onClick
FN:276,onCancel._cache.<computed>._cache.<computed>
FN:284,onCancel._cache.<computed>._cache.<computed>
FN:292,onCancel._cache.<computed>._cache.<computed>
FNF:24
FNH:10
FNDA:6,confirmDelete
FNDA:0,confirmForceDelete
FNDA:1,doDelete
FNDA:0,onFinish
FNDA:0,doForceDelete
FNDA:0,restore
FNDA:0,switchView
FNDA:4,triggerBulk
FNDA:2,submitBulkAction
FNDA:1,onSuccess
FNDA:1,onFinish
FNDA:0,onClick._cache.<computed>._cache.<computed>
FNDA:0,onClick._cache.<computed>._cache.<computed>
FNDA:4,$setup.selectedIds.length.$setup.authStore.hasRole.$props.trash.onClick._cache.<computed>._cache.<computed>
FNDA:0,$setup.selectedIds.length.$setup.authStore.hasRole.$props.trash.onClick._cache.<computed>._cache.<computed>
FNDA:0,$setup.selectedIds.length.$setup.authStore.hasRole.onClick._cache.<computed>._cache.<computed>
FNDA:0,$setup.authStore.hasRole.onChange._cache.<computed>._cache.<computed>
FNDA:3,onChange
FNDA:6,onClick
FNDA:0,onClick
FNDA:0,onClick
FNDA:1,onCancel._cache.<computed>._cache.<computed>
FNDA:0,onCancel._cache.<computed>._cache.<computed>
FNDA:0,onCancel._cache.<computed>._cache.<computed>
DA:2,1
DA:3,1
DA:4,1
DA:5,1
DA:6,1
DA:7,1
DA:8,1
DA:9,1
DA:10,1
DA:13,1
DA:15,1
DA:21,1
DA:22,1
DA:24,6
DA:25,6
DA:26,6
DA:27,6
DA:29,0
DA:30,0
DA:31,0
DA:32,0
DA:34,1
DA:35,1
DA:36,1
DA:37,1
DA:38,1
DA:39,1
DA:41,0
DA:42,0
DA:43,0
DA:44,0
DA:45,0
DA:46,0
DA:48,0
DA:49,0
DA:50,0
DA:52,0
DA:53,0
DA:54,0
DA:57,1
DA:58,1
DA:59,1
DA:61,1
DA:62,1
DA:64,1
DA:65,24
DA:66,24
DA:67,24
DA:68,24
DA:69,24
DA:70,24
DA:71,1
DA:73,4
DA:74,4
DA:75,4
DA:76,4
DA:78,2
DA:79,2
DA:80,2
DA:81,2
DA:82,2
DA:83,2
DA:84,2
DA:85,2
DA:86,1
DA:87,1
DA:88,1
DA:89,2
DA:90,2
DA:94,1
DA:95,1
DA:97,28
DA:99,1
DA:100,1
DA:101,1
DA:102,1
DA:103,1
DA:104,1
DA:105,1
DA:106,1
DA:108,1
DA:109,1
DA:110,1
DA:111,1
DA:112,1
DA:113,1
DA:115,1
DA:116,1
DA:118,1
DA:119,1
DA:120,1
DA:122,1
DA:124,1
DA:125,1
DA:126,1
DA:128,1
DA:129,1
DA:130,1
DA:132,1
DA:133,1
DA:134,1
DA:135,1
DA:136,1
DA:137,1
DA:138,1
DA:139,1
DA:141,1
DA:142,1
DA:143,1
DA:144,1
DA:145,1
DA:146,1
DA:147,1
DA:149,1
DA:150,1
DA:151,1
DA:152,1
DA:153,1
DA:154,1
DA:156,1
DA:157,1
DA:159,1
DA:160,1
DA:161,1
DA:162,1
DA:163,1
DA:164,1
DA:165,1
DA:167,1
DA:168,1
DA:169,1
DA:170,1
DA:171,1
DA:172,1
DA:173,1
DA:174,1
DA:176,18
DA:177,1
DA:179,18
DA:180,1
DA:182,18
DA:183,1
DA:185,18
DA:186,1
DA:187,1
DA:188,1
DA:189,1
DA:190,1
DA:191,1
DA:192,1
DA:194,1
DA:195,1
DA:196,1
DA:197,1
DA:198,1
DA:199,1
DA:200,1
DA:202,1
DA:203,1
DA:204,1
DA:206,1
DA:207,1
DA:208,1
DA:209,1
DA:210,1
DA:211,1
DA:212,1
DA:213,1
DA:214,1
DA:215,1
DA:216,1
DA:217,1
DA:218,1
DA:219,1
DA:220,1
DA:221,1
DA:222,1
DA:223,1
DA:224,42
DA:226,42
DA:227,42
DA:228,42
DA:229,42
DA:231,42
DA:233,42
DA:234,42
DA:235,42
DA:236,42
DA:237,42
DA:238,42
DA:239,42
DA:241,42
DA:242,42
DA:243,42
DA:244,1
DA:245,1
DA:247,1
DA:248,1
DA:249,1
DA:250,1
DA:251,1
DA:253,1
DA:254,1
DA:255,1
DA:256,1
DA:257,1
DA:258,1
DA:260,1
DA:261,1
DA:262,1
DA:263,1
DA:264,1
DA:265,1
DA:266,1
DA:268,1
DA:269,1
DA:271,1
DA:272,1
DA:273,1
DA:274,1
DA:275,1
DA:276,1
DA:277,1
DA:279,1
DA:280,1
DA:281,1
DA:282,1
DA:283,1
DA:284,1
DA:285,1
DA:287,1
DA:288,1
DA:289,1
DA:290,1
DA:291,1
DA:292,1
DA:293,1
DA:294,1
LF:238
LH:222
BRDA:24,0,0,6
BRDA:34,1,0,1
BRDA:35,2,0,0
BRDA:58,3,0,13
BRDA:58,4,0,23
BRDA:59,5,0,17
BRDA:64,6,0,24
BRDA:70,7,0,22
BRDA:70,8,0,22
BRDA:73,9,0,4
BRDA:78,10,0,2
BRDA:84,11,0,1
BRDA:85,12,0,1
BRDA:95,13,0,28
BRDA:97,14,0,18
BRDA:104,15,0,26
BRDA:104,16,0,2
BRDA:105,17,0,18
BRDA:111,18,0,2
BRDA:111,19,0,26
BRDA:112,20,0,18
BRDA:119,21,0,26
BRDA:129,22,0,5
BRDA:138,23,0,3
BRDA:143,24,0,0
BRDA:153,25,0,3
BRDA:170,26,0,5
BRDA:171,27,0,13
BRDA:174,28,0,18
BRDA:177,29,0,18
BRDA:180,30,0,18
BRDA:183,31,0,18
BRDA:189,32,0,1
BRDA:191,33,0,0
BRDA:194,34,0,0
BRDA:194,35,0,27
BRDA:272,36,0,3
BRDA:276,37,0,18
BRDA:280,38,0,3
BRDA:284,39,0,18
BRDA:292,40,0,18
BRDA:124,41,0,12
BRDA:138,42,0,4
BRDA:141,43,0,3
BRDA:219,44,0,25
BRDA:219,45,0,27
BRDA:223,46,0,50
BRDA:223,47,0,42
BRDA:244,48,0,2
BRDA:209,49,0,3
BRDA:233,50,0,42
BRDA:233,51,0,11
BRDA:238,52,0,6
BRDA:241,53,0,42
BRDA:241,54,0,11
BRDA:253,55,0,1
BRDA:260,56,0,1
BRDA:276,57,0,1
BRF:58
BRH:54
end_of_record
TN:
SF:resources/js/Pages/Admin/Pages/Create.vue
FN:40,submit
FN:59,onUpdate:modelValue._cache.<computed>._cache.<computed>
FN:73,onUpdate:modelValue._cache.<computed>._cache.<computed>
FN:88,onUpdate:modelValue._cache.<computed>._cache.<computed>
FN:112,onUpdate:modelValue._cache.<computed>._cache.<computed>
FN:123,onUpdate:modelValue._cache.<computed>._cache.<computed>
FN:142,onUpdate:modelValue._cache.<computed>._cache.<computed>
FN:161,onUpdate:modelValue._cache.<computed>._cache.<computed>
FN:169,onUpdate:modelValue._cache.<computed>._cache.<computed>
FN:178,onUpdate:modelValue._cache.<computed>._cache.<computed>
FN:193,onUpdate:modelValue._cache.<computed>._cache.<computed>
FN:202,onUpdate:modelValue._cache.<computed>._cache.<computed>
FNF:12
FNH:2
FNDA:1,submit
FNDA:0,onUpdate:modelValue._cache.<computed>._cache.<computed>
FNDA:0,onUpdate:modelValue._cache.<computed>._cache.<computed>
FNDA:2,onUpdate:modelValue._cache.<computed>._cache.<computed>
FNDA:0,onUpdate:modelValue._cache.<computed>._cache.<computed>
FNDA:0,onUpdate:modelValue._cache.<computed>._cache.<computed>
FNDA:0,onUpdate:modelValue._cache.<computed>._cache.<computed>
FNDA:0,onUpdate:modelValue._cache.<computed>._cache.<computed>
FNDA:0,onUpdate:modelValue._cache.<computed>._cache.<computed>
FNDA:0,onUpdate:modelValue._cache.<computed>._cache.<computed>
FNDA:0,onUpdate:modelValue._cache.<computed>._cache.<computed>
FNDA:0,onUpdate:modelValue._cache.<computed>._cache.<computed>
DA:2,1
DA:3,1
DA:4,1
DA:5,1
DA:6,1
DA:7,1
DA:8,1
DA:9,1
DA:16,1
DA:17,1
DA:18,1
DA:24,1
DA:25,1
DA:26,1
DA:27,1
DA:28,1
DA:29,1
DA:30,1
DA:31,1
DA:32,1
DA:33,1
DA:34,1
DA:35,1
DA:36,1
DA:38,1
DA:40,1
DA:41,1
DA:42,1
DA:46,1
DA:47,1
DA:49,9
DA:51,1
DA:52,1
DA:53,1
DA:55,1
DA:56,1
DA:57,1
DA:58,1
DA:59,1
DA:60,1
DA:61,1
DA:62,1
DA:63,1
DA:64,1
DA:66,1
DA:67,1
DA:68,1
DA:70,1
DA:71,1
DA:72,1
DA:73,1
DA:74,1
DA:75,1
DA:76,1
DA:77,1
DA:78,0
DA:80,0
DA:81,1
DA:82,1
DA:84,1
DA:85,1
DA:86,1
DA:87,1
DA:88,1
DA:92,1
DA:93,1
DA:94,1
DA:95,1
DA:96,1
DA:98,1
DA:99,1
DA:100,1
DA:101,1
DA:102,1
DA:104,1
DA:105,1
DA:106,1
DA:107,1
DA:108,1
DA:110,1
DA:111,1
DA:112,1
DA:113,1
DA:114,1
DA:115,0
DA:117,0
DA:118,1
DA:119,1
DA:121,1
DA:122,1
DA:123,1
DA:124,1
DA:125,1
DA:126,1
DA:127,1
DA:128,1
DA:130,1
DA:131,1
DA:133,1
DA:134,1
DA:135,1
DA:136,1
DA:138,1
DA:139,1
DA:140,1
DA:141,1
DA:142,1
DA:143,1
DA:144,1
DA:145,1
DA:147,1
DA:148,1
DA:150,1
DA:152,1
DA:153,1
DA:155,1
DA:157,1
DA:158,1
DA:159,1
DA:160,1
DA:161,1
DA:162,1
DA:163,1
DA:165,1
DA:166,1
DA:167,1
DA:168,1
DA:169,1
DA:170,1
DA:171,1
DA:172,1
DA:174,1
DA:175,1
DA:176,1
DA:177,1
DA:178,1
DA:179,1
DA:180,1
DA:181,1
DA:182,1
DA:184,1
DA:185,1
DA:187,1
DA:189,1
DA:190,1
DA:191,1
DA:192,1
DA:193,1
DA:194,1
DA:195,1
DA:196,1
DA:198,1
DA:199,1
DA:200,1
DA:201,1
DA:202,1
DA:203,1
DA:204,1
DA:205,1
DA:206,1
DA:208,1
DA:210,1
DA:211,1
DA:212,1
DA:214,1
DA:215,1
DA:216,1
DA:217,1
DA:218,1
DA:219,1
DA:221,1
DA:222,1
DA:223,1
DA:224,1
DA:225,1
DA:227,1
DA:228,1
DA:229,1
DA:230,1
LF:179
LH:175
BRDA:40,0,0,1
BRDA:47,1,0,9
BRDA:63,2,0,1
BRDA:66,3,0,8
BRDA:77,4,0,0
BRDA:87,5,0,2
BRDA:87,6,0,7
BRDA:114,7,0,0
BRDA:56,8,0,9
BRDA:71,9,0,9
BRDA:85,10,0,9
BRDA:88,11,0,2
BRDA:98,12,0,9
BRDA:111,13,0,9
BRDA:122,14,0,9
BRDA:130,15,0,9
BRDA:133,16,0,9
BRDA:139,17,0,9
BRDA:158,18,0,9
BRDA:166,19,0,9
BRDA:175,20,0,9
BRDA:190,21,0,9
BRDA:199,22,0,9
BRDA:221,23,0,9
BRDA:227,24,0,9
BRF:25
BRH:23
end_of_record
TN:
SF:resources/js/Pages/Admin/Pages/Edit.vue
FN:55,restoreDraft
FN:62,submit
FN:64,onSuccess
FN:94,$setup.hasDraft.onClick._cache.<computed>._cache.<computed>
FN:109,onUpdate:modelValue._cache.<computed>._cache.<computed>
FN:122,onUpdate:modelValue._cache.<computed>._cache.<computed>
FN:135,onUpdate:modelValue._cache.<computed>._cache.<computed>
FN:159,onUpdate:modelValue._cache.<computed>._cache.<computed>
FN:170,onUpdate:modelValue._cache.<computed>._cache.<computed>
FN:189,onUpdate:modelValue._cache.<computed>._cache.<computed>
FN:208,onUpdate:modelValue._cache.<computed>._cache.<computed>
FN:216,onUpdate:modelValue._cache.<computed>._cache.<computed>
FN:225,onUpdate:modelValue._cache.<computed>._cache.<computed>
FN:240,onUpdate:modelValue._cache.<computed>._cache.<computed>
FN:249,onUpdate:modelValue._cache.<computed>._cache.<computed>
FNF:15
FNH:5
FNDA:2,restoreDraft
FNDA:3,submit
FNDA:3,onSuccess
FNDA:1,$setup.hasDraft.onClick._cache.<computed>._cache.<computed>
FNDA:0,onUpdate:modelValue._cache.<computed>._cache.<computed>
FNDA:0,onUpdate:modelValue._cache.<computed>._cache.<computed>
FNDA:2,onUpdate:modelValue._cache.<computed>._cache.<computed>
FNDA:0,onUpdate:modelValue._cache.<computed>._cache.<computed>
FNDA:0,onUpdate:modelValue._cache.<computed>._cache.<computed>
FNDA:0,onUpdate:modelValue._cache.<computed>._cache.<computed>
FNDA:0,onUpdate:modelValue._cache.<computed>._cache.<computed>
FNDA:0,onUpdate:modelValue._cache.<computed>._cache.<computed>
FNDA:0,onUpdate:modelValue._cache.<computed>._cache.<computed>
FNDA:0,onUpdate:modelValue._cache.<computed>._cache.<computed>
FNDA:0,onUpdate:modelValue._cache.<computed>._cache.<computed>
DA:2,1
DA:3,1
DA:4,1
DA:5,1
DA:6,1
DA:7,1
DA:8,1
DA:9,1
DA:16,1
DA:17,1
DA:18,1
DA:19,1
DA:20,1
DA:23,1
DA:29,1
DA:30,1
DA:31,1
DA:32,1
DA:33,1
DA:34,1
DA:35,1
DA:36,1
DA:37,1
DA:38,1
DA:39,1
DA:40,1
DA:41,0
DA:42,1
DA:43,1
DA:45,1
DA:47,1
DA:48,1
DA:49,1
DA:50,1
DA:51,1
DA:52,1
DA:53,1
DA:55,2
DA:56,2
DA:57,1
DA:58,1
DA:59,2
DA:60,2
DA:62,3
DA:63,3
DA:64,3
DA:65,3
DA:66,3
DA:67,3
DA:68,3
DA:69,3
DA:73,1
DA:74,1
DA:76,18
DA:78,1
DA:79,1
DA:80,4
DA:82,4
DA:83,4
DA:84,4
DA:85,4
DA:86,4
DA:87,4
DA:88,4
DA:90,4
DA:91,4
DA:92,4
DA:93,4
DA:94,4
DA:95,4
DA:97,4
DA:98,1
DA:99,1
DA:101,1
DA:102,1
DA:103,1
DA:105,1
DA:106,1
DA:107,1
DA:108,1
DA:109,1
DA:110,1
DA:111,1
DA:112,1
DA:113,1
DA:114,0
DA:116,0
DA:117,1
DA:118,1
DA:120,1
DA:121,1
DA:122,1
DA:123,1
DA:124,1
DA:125,0
DA:127,0
DA:128,1
DA:129,1
DA:131,1
DA:132,1
DA:133,1
DA:134,1
DA:135,1
DA:139,1
DA:140,1
DA:141,1
DA:142,1
DA:143,1
DA:145,1
DA:146,1
DA:147,1
DA:148,1
DA:149,1
DA:151,1
DA:152,1
DA:153,1
DA:154,1
DA:155,1
DA:157,1
DA:158,1
DA:159,1
DA:160,1
DA:161,1
DA:162,0
DA:164,0
DA:165,1
DA:166,1
DA:168,1
DA:169,1
DA:170,1
DA:171,1
DA:172,1
DA:173,1
DA:174,1
DA:175,1
DA:177,1
DA:178,1
DA:180,1
DA:181,1
DA:182,1
DA:183,1
DA:185,1
DA:186,1
DA:187,1
DA:188,1
DA:189,1
DA:190,1
DA:191,1
DA:192,1
DA:194,1
DA:195,1
DA:197,1
DA:199,1
DA:200,1
DA:202,1
DA:204,1
DA:205,1
DA:206,1
DA:207,1
DA:208,1
DA:209,1
DA:210,1
DA:212,1
DA:213,1
DA:214,1
DA:215,1
DA:216,1
DA:217,1
DA:218,1
DA:219,1
DA:221,1
DA:222,1
DA:223,1
DA:224,1
DA:225,1
DA:226,1
DA:227,1
DA:228,1
DA:229,1
DA:231,1
DA:232,1
DA:234,1
DA:236,1
DA:237,1
DA:238,1
DA:239,1
DA:240,1
DA:241,1
DA:242,1
DA:243,1
DA:245,1
DA:246,1
DA:247,1
DA:248,1
DA:249,1
DA:250,1
DA:251,1
DA:252,1
DA:253,1
DA:255,1
DA:257,1
DA:258,1
DA:259,1
DA:261,1
DA:262,1
DA:263,1
DA:264,1
DA:265,1
DA:266,1
DA:267,1
DA:268,1
DA:269,1
DA:270,1
DA:271,1
DA:272,1
DA:274,1
DA:275,1
DA:276,1
DA:277,1
DA:278,1
DA:280,1
DA:281,1
DA:282,1
DA:283,1
LF:224
LH:217
BRDA:34,0,0,1
BRDA:35,1,0,1
BRDA:36,2,0,17
BRDA:37,3,0,17
BRDA:38,4,0,17
BRDA:40,5,0,0
BRDA:45,6,0,19
BRDA:55,7,0,2
BRDA:56,8,0,1
BRDA:62,9,0,3
BRDA:64,10,0,3
BRDA:74,11,0,18
BRDA:79,12,0,4
BRDA:97,13,0,14
BRDA:113,14,0,0
BRDA:124,15,0,0
BRDA:134,16,0,2
BRDA:134,17,0,16
BRDA:161,18,0,0
BRDA:241,19,0,1
BRDA:251,20,0,1
BRDA:263,21,0,1
BRDA:266,22,0,17
BRDA:94,23,0,1
BRDA:106,24,0,18
BRDA:121,25,0,18
BRDA:132,26,0,18
BRDA:135,27,0,2
BRDA:145,28,0,18
BRDA:158,29,0,18
BRDA:169,30,0,18
BRDA:177,31,0,18
BRDA:180,32,0,18
BRDA:186,33,0,18
BRDA:205,34,0,18
BRDA:213,35,0,18
BRDA:222,36,0,18
BRDA:237,37,0,18
BRDA:246,38,0,18
BRDA:274,39,0,18
BRDA:280,40,0,18
BRF:41
BRH:37
end_of_record
TN:
SF:resources/js/Pages/Admin/Pages/Index.vue
FN:25,confirmDelete
FN:30,confirmForceDelete
FN:35,doDelete
FN:38,onFinish
FN:42,doForceDelete
FN:49,restore
FN:53,duplicate
FN:57,switchView
FN:80,triggerBulk
FN:85,submitBulkAction
FN:91,onSuccess
FN:92,onFinish
FN:112,onClick._cache.<computed>._cache.<computed>
FN:119,onClick._cache.<computed>._cache.<computed>
FN:145,$setup.selectedIds.length.$setup.authStore.hasRole.$props.trash.onClick._cache.<computed>._cache.<computed>
FN:153,$setup.selectedIds.length.$setup.authStore.hasRole.$props.trash.onClick._cache.<computed>._cache.<computed>
FN:161,$setup.selectedIds.length.$setup.authStore.hasRole.$props.trash.onClick._cache.<computed>._cache.<computed>
FN:169,$setup.selectedIds.length.$setup.authStore.hasRole.$props.trash.onClick._cache.<computed>._cache.<computed>
FN:176,$setup.selectedIds.length.$setup.authStore.hasRole.onClick._cache.<computed>._cache.<computed>
FN:194,$setup.authStore.hasRole.onChange._cache.<computed>._cache.<computed>
FN:238,onChange
FN:273,onClick
FN:280,onClick
FN:292,onClick
FN:299,onClick
FN:318,onCancel._cache.<computed>._cache.<computed>
FN:326,onCancel._cache.<computed>._cache.<computed>
FN:334,onCancel._cache.<computed>._cache.<computed>
FNF:28
FNH:12
FNDA:6,confirmDelete
FNDA:0,confirmForceDelete
FNDA:1,doDelete
FNDA:0,onFinish
FNDA:0,doForceDelete
FNDA:0,restore
FNDA:2,duplicate
FNDA:0,switchView
FNDA:4,triggerBulk
FNDA:2,submitBulkAction
FNDA:1,onSuccess
FNDA:1,onFinish
FNDA:0,onClick._cache.<computed>._cache.<computed>
FNDA:0,onClick._cache.<computed>._cache.<computed>
FNDA:4,$setup.selectedIds.length.$setup.authStore.hasRole.$props.trash.onClick._cache.<computed>._cache.<computed>
FNDA:0,$setup.selectedIds.length.$setup.authStore.hasRole.$props.trash.onClick._cache.<computed>._cache.<computed>
FNDA:0,$setup.selectedIds.length.$setup.authStore.hasRole.$props.trash.onClick._cache.<computed>._cache.<computed>
FNDA:0,$setup.selectedIds.length.$setup.authStore.hasRole.$props.trash.onClick._cache.<computed>._cache.<computed>
FNDA:0,$setup.selectedIds.length.$setup.authStore.hasRole.onClick._cache.<computed>._cache.<computed>
FNDA:0,$setup.authStore.hasRole.onChange._cache.<computed>._cache.<computed>
FNDA:4,onChange
FNDA:2,onClick
FNDA:6,onClick
FNDA:0,onClick
FNDA:0,onClick
FNDA:1,onCancel._cache.<computed>._cache.<computed>
FNDA:0,onCancel._cache.<computed>._cache.<computed>
FNDA:0,onCancel._cache.<computed>._cache.<computed>
DA:2,1
DA:3,1
DA:4,1
DA:5,1
DA:6,1
DA:7,1
DA:8,1
DA:9,1
DA:10,1
DA:11,1
DA:14,1
DA:16,1
DA:22,1
DA:23,1
DA:25,6
DA:26,6
DA:27,6
DA:28,6
DA:30,0
DA:31,0
DA:32,0
DA:33,0
DA:35,1
DA:36,1
DA:37,1
DA:38,1
DA:39,1
DA:40,1
DA:42,0
DA:43,0
DA:44,0
DA:45,0
DA:46,0
DA:47,0
DA:49,0
DA:50,0
DA:51,0
DA:53,2
DA:54,2
DA:55,2
DA:57,0
DA:58,0
DA:59,0
DA:62,1
DA:63,1
DA:64,1
DA:66,1
DA:67,1
DA:69,1
DA:70,32
DA:71,32
DA:72,32
DA:73,32
DA:74,32
DA:75,32
DA:76,32
DA:77,32
DA:78,1
DA:80,4
DA:81,4
DA:82,4
DA:83,4
DA:85,2
DA:86,2
DA:87,2
DA:88,2
DA:89,2
DA:90,2
DA:91,2
DA:92,2
DA:93,1
DA:94,1
DA:95,1
DA:96,2
DA:97,2
DA:101,1
DA:102,1
DA:104,36
DA:106,1
DA:107,1
DA:108,1
DA:109,1
DA:110,1
DA:111,1
DA:112,1
DA:113,1
DA:115,1
DA:116,1
DA:117,1
DA:118,1
DA:119,1
DA:120,1
DA:122,1
DA:123,1
DA:125,1
DA:126,1
DA:127,1
DA:129,1
DA:131,1
DA:132,1
DA:133,1
DA:135,1
DA:136,1
DA:137,1
DA:139,1
DA:140,1
DA:141,1
DA:142,1
DA:143,1
DA:144,1
DA:145,1
DA:146,1
DA:148,1
DA:149,1
DA:150,1
DA:151,1
DA:152,1
DA:153,1
DA:154,1
DA:156,1
DA:157,1
DA:158,1
DA:159,1
DA:160,1
DA:161,1
DA:162,1
DA:164,1
DA:165,1
DA:166,1
DA:167,1
DA:168,1
DA:169,1
DA:170,1
DA:172,1
DA:173,1
DA:174,1
DA:175,1
DA:176,1
DA:177,1
DA:179,1
DA:180,1
DA:182,1
DA:183,1
DA:184,1
DA:185,1
DA:186,1
DA:187,1
DA:188,1
DA:190,1
DA:191,1
DA:192,1
DA:193,1
DA:194,1
DA:195,1
DA:196,1
DA:197,1
DA:199,25
DA:200,1
DA:202,25
DA:203,1
DA:205,25
DA:206,1
DA:208,25
DA:209,1
DA:211,25
DA:212,1
DA:214,25
DA:215,1
DA:216,1
DA:217,1
DA:218,1
DA:219,1
DA:220,1
DA:221,1
DA:223,1
DA:224,1
DA:225,1
DA:226,1
DA:227,1
DA:228,1
DA:229,1
DA:231,1
DA:232,1
DA:233,1
DA:235,1
DA:236,1
DA:237,1
DA:238,1
DA:239,1
DA:240,1
DA:241,1
DA:242,1
DA:243,1
DA:244,1
DA:245,1
DA:246,1
DA:247,1
DA:248,1
DA:249,1
DA:250,1
DA:251,1
DA:252,1
DA:253,1
DA:254,1
DA:255,1
DA:256,1
DA:257,1
DA:258,1
DA:259,49
DA:261,49
DA:262,49
DA:263,49
DA:264,49
DA:266,49
DA:268,49
DA:269,49
DA:270,49
DA:271,49
DA:272,49
DA:273,49
DA:274,49
DA:276,49
DA:277,49
DA:278,49
DA:279,49
DA:280,49
DA:281,49
DA:283,49
DA:284,49
DA:285,49
DA:286,1
DA:287,1
DA:289,1
DA:290,1
DA:291,1
DA:292,1
DA:293,1
DA:295,1
DA:296,1
DA:297,1
DA:298,1
DA:299,1
DA:300,1
DA:302,1
DA:303,1
DA:304,1
DA:305,1
DA:306,1
DA:307,1
DA:308,1
DA:310,1
DA:311,1
DA:313,1
DA:314,1
DA:315,1
DA:316,1
DA:317,1
DA:318,1
DA:319,1
DA:321,1
DA:322,1
DA:323,1
DA:324,1
DA:325,1
DA:326,1
DA:327,1
DA:329,1
DA:330,1
DA:331,1
DA:332,1
DA:333,1
DA:334,1
DA:335,1
DA:336,1
LF:274
LH:258
BRDA:25,0,0,6
BRDA:35,1,0,1
BRDA:36,2,0,0
BRDA:53,3,0,2
BRDA:63,4,0,19
BRDA:63,5,0,33
BRDA:64,6,0,24
BRDA:69,7,0,32
BRDA:77,8,0,30
BRDA:77,9,0,30
BRDA:80,10,0,4
BRDA:85,11,0,2
BRDA:91,12,0,1
BRDA:92,13,0,1
BRDA:102,14,0,36
BRDA:104,15,0,25
BRDA:111,16,0,31
BRDA:111,17,0,5
BRDA:112,18,0,25
BRDA:118,19,0,5
BRDA:118,20,0,31
BRDA:119,21,0,25
BRDA:126,22,0,31
BRDA:136,23,0,6
BRDA:145,24,0,3
BRDA:153,25,0,3
BRDA:161,26,0,3
BRDA:176,27,0,4
BRDA:193,28,0,6
BRDA:194,29,0,19
BRDA:197,30,0,25
BRDA:200,31,0,25
BRDA:203,32,0,25
BRDA:206,33,0,25
BRDA:209,34,0,25
BRDA:212,35,0,25
BRDA:218,36,0,1
BRDA:220,37,0,0
BRDA:223,38,0,0
BRDA:223,39,0,35
BRDA:314,40,0,3
BRDA:318,41,0,25
BRDA:322,42,0,3
BRDA:326,43,0,25
BRDA:334,44,0,25
BRDA:131,45,0,16
BRDA:145,46,0,4
BRDA:148,47,0,3
BRDA:156,48,0,3
BRDA:164,49,0,3
BRDA:172,50,0,1
BRDA:248,51,0,1
BRDA:248,52,0,64
BRDA:254,53,0,35
BRDA:254,54,0,30
BRDA:258,55,0,59
BRDA:258,56,0,49
BRDA:286,57,0,6
BRDA:238,58,0,4
BRDA:268,59,0,49
BRDA:268,60,0,15
BRDA:273,61,0,2
BRDA:276,62,0,49
BRDA:276,63,0,15
BRDA:280,64,0,6
BRDA:283,65,0,49
BRDA:283,66,0,15
BRDA:295,67,0,5
BRDA:295,68,0,3
BRDA:302,69,0,5
BRDA:302,70,0,3
BRDA:318,71,0,1
BRF:72
BRH:69
end_of_record
TN:
SF:resources/js/Pages/Admin/Posts/Create.vue
FN:39,toggleTag
FN:45,submit
FN:64,onUpdate:modelValue._cache.<computed>._cache.<computed>
FN:78,onUpdate:modelValue._cache.<computed>._cache.<computed>
FN:91,onUpdate:modelValue._cache.<computed>._cache.<computed>
FN:103,onUpdate:modelValue._cache.<computed>._cache.<computed>
FN:120,onUpdate:modelValue._cache.<computed>._cache.<computed>
FN:162,onChange
FN:178,onUpdate:modelValue._cache.<computed>._cache.<computed>
FN:189,onUpdate:modelValue._cache.<computed>._cache.<computed>
FN:198,onUpdate:modelValue._cache.<computed>._cache.<computed>
FN:217,onUpdate:modelValue._cache.<computed>._cache.<computed>
FN:225,onUpdate:modelValue._cache.<computed>._cache.<computed>
FN:234,onUpdate:modelValue._cache.<computed>._cache.<computed>
FN:249,onUpdate:modelValue._cache.<computed>._cache.<computed>
FN:258,onUpdate:modelValue._cache.<computed>._cache.<computed>
FNF:16
FNH:3
FNDA:1,toggleTag
FNDA:1,submit
FNDA:0,onUpdate:modelValue._cache.<computed>._cache.<computed>
FNDA:0,onUpdate:modelValue._cache.<computed>._cache.<computed>
FNDA:0,onUpdate:modelValue._cache.<computed>._cache.<computed>
FNDA:0,onUpdate:modelValue._cache.<computed>._cache.<computed>
FNDA:0,onUpdate:modelValue._cache.<computed>._cache.<computed>
FNDA:1,onChange
FNDA:0,onUpdate:modelValue._cache.<computed>._cache.<computed>
FNDA:0,onUpdate:modelValue._cache.<computed>._cache.<computed>
FNDA:0,onUpdate:modelValue._cache.<computed>._cache.<computed>
FNDA:0,onUpdate:modelValue._cache.<computed>._cache.<computed>
FNDA:0,onUpdate:modelValue._cache.<computed>._cache.<computed>
FNDA:0,onUpdate:modelValue._cache.<computed>._cache.<computed>
FNDA:0,onUpdate:modelValue._cache.<computed>._cache.<computed>
FNDA:0,onUpdate:modelValue._cache.<computed>._cache.<computed>
DA:2,1
DA:3,1
DA:4,1
DA:5,1
DA:6,1
DA:7,1
DA:8,1
DA:9,1
DA:10,1
DA:11,1
DA:12,1
DA:20,1
DA:21,1
DA:22,1
DA:23,1
DA:24,1
DA:25,1
DA:26,1
DA:27,1
DA:28,1
DA:29,1
DA:30,1
DA:31,1
DA:32,1
DA:33,1
DA:34,1
DA:35,1
DA:37,1
DA:39,1
DA:40,1
DA:41,1
DA:42,0
DA:43,1
DA:45,1
DA:46,1
DA:47,1
DA:51,1
DA:52,1
DA:54,12
DA:56,1
DA:57,1
DA:58,1
DA:60,1
DA:61,1
DA:62,1
DA:63,1
DA:64,1
DA:65,1
DA:66,1
DA:67,1
DA:68,1
DA:69,1
DA:71,1
DA:72,1
DA:73,1
DA:75,1
DA:76,1
DA:77,1
DA:78,1
DA:79,1
DA:80,1
DA:81,1
DA:82,1
DA:83,0
DA:85,0
DA:86,1
DA:87,1
DA:89,1
DA:90,1
DA:91,1
DA:92,1
DA:93,1
DA:94,1
DA:96,1
DA:97,1
DA:98,1
DA:100,1
DA:101,1
DA:102,1
DA:103,1
DA:104,1
DA:105,1
DA:106,1
DA:107,1
DA:108,1
DA:110,1
DA:111,1
DA:113,1
DA:114,1
DA:115,1
DA:116,1
DA:118,1
DA:119,1
DA:120,1
DA:121,1
DA:122,1
DA:123,1
DA:124,1
DA:125,1
DA:127,1
DA:128,1
DA:129,1
DA:130,1
DA:131,1
DA:133,1
DA:134,1
DA:135,1
DA:136,1
DA:137,1
DA:138,1
DA:139,0
DA:141,0
DA:142,1
DA:143,1
DA:144,1
DA:146,1
DA:147,1
DA:148,1
DA:150,1
DA:151,1
DA:152,1
DA:153,1
DA:154,1
DA:155,1
DA:156,1
DA:158,1
DA:159,1
DA:160,1
DA:161,1
DA:162,1
DA:163,1
DA:164,1
DA:165,1
DA:166,1
DA:167,1
DA:168,1
DA:169,0
DA:171,0
DA:172,1
DA:173,1
DA:175,1
DA:176,1
DA:177,1
DA:178,1
DA:179,1
DA:180,1
DA:181,1
DA:182,1
DA:183,1
DA:185,1
DA:186,1
DA:187,1
DA:188,1
DA:189,1
DA:190,1
DA:191,1
DA:192,1
DA:194,1
DA:195,1
DA:196,1
DA:197,1
DA:198,1
DA:199,1
DA:200,1
DA:201,1
DA:203,1
DA:204,1
DA:206,11
DA:208,1
DA:209,1
DA:211,11
DA:213,1
DA:214,1
DA:215,1
DA:216,1
DA:217,1
DA:218,1
DA:219,1
DA:221,1
DA:222,1
DA:223,1
DA:224,1
DA:225,1
DA:226,1
DA:227,1
DA:228,1
DA:230,1
DA:231,1
DA:232,1
DA:233,1
DA:234,1
DA:235,1
DA:236,1
DA:237,1
DA:238,1
DA:240,1
DA:241,1
DA:243,11
DA:245,1
DA:246,1
DA:247,1
DA:248,1
DA:249,1
DA:250,1
DA:251,1
DA:252,1
DA:254,1
DA:255,1
DA:256,1
DA:257,1
DA:258,1
DA:259,1
DA:260,1
DA:261,1
DA:262,1
DA:264,1
DA:266,11
DA:267,1
DA:268,1
DA:270,1
DA:271,1
DA:272,1
DA:273,1
DA:274,1
DA:275,1
DA:277,1
DA:278,1
DA:279,1
DA:280,1
DA:281,1
DA:283,1
DA:284,1
DA:285,1
DA:286,1
LF:234
LH:227
BRDA:39,0,0,1
BRDA:41,1,0,0
BRDA:45,2,0,1
BRDA:52,3,0,12
BRDA:54,4,0,11
BRDA:64,5,0,11
BRDA:68,6,0,1
BRDA:71,7,0,11
BRDA:78,8,0,11
BRDA:82,9,0,0
BRDA:91,10,0,11
BRDA:93,11,0,1
BRDA:96,12,0,11
BRDA:103,13,0,11
BRDA:120,14,0,11
BRDA:138,15,0,0
BRDA:168,16,0,0
BRDA:178,17,0,11
BRDA:189,18,0,11
BRDA:198,19,0,11
BRDA:204,20,0,11
BRDA:209,21,0,11
BRDA:217,22,0,11
BRDA:225,23,0,11
BRDA:234,24,0,11
BRDA:241,25,0,11
BRDA:249,26,0,11
BRDA:258,27,0,11
BRDA:264,28,0,11
BRDA:61,29,0,11
BRDA:76,30,0,11
BRDA:90,31,0,11
BRDA:102,32,0,11
BRDA:110,33,0,11
BRDA:113,34,0,11
BRDA:119,35,0,11
BRDA:127,36,0,11
BRDA:150,37,0,10
BRDA:156,38,0,1
BRDA:156,39,0,21
BRDA:162,40,0,1
BRDA:182,41,0,11
BRDA:186,42,0,11
BRDA:195,43,0,11
BRDA:214,44,0,11
BRDA:222,45,0,11
BRDA:231,46,0,11
BRDA:246,47,0,11
BRDA:255,48,0,11
BRDA:277,49,0,11
BRDA:283,50,0,11
BRF:51
BRH:47
end_of_record
TN:
SF:resources/js/Pages/Admin/Posts/Edit.vue
FN:53,restoreDraft
FN:60,toggleTag
FN:66,submit
FN:68,onSuccess
FN:98,$setup.hasDraft.onClick._cache.<computed>._cache.<computed>
FN:113,onUpdate:modelValue._cache.<computed>._cache.<computed>
FN:126,onUpdate:modelValue._cache.<computed>._cache.<computed>
FN:137,onUpdate:modelValue._cache.<computed>._cache.<computed>
FN:149,onUpdate:modelValue._cache.<computed>._cache.<computed>
FN:166,onUpdate:modelValue._cache.<computed>._cache.<computed>
FN:202,onChange
FN:212,onUpdate:modelValue._cache.<computed>._cache.<computed>
FN:223,onUpdate:modelValue._cache.<computed>._cache.<computed>
FN:232,onUpdate:modelValue._cache.<computed>._cache.<computed>
FN:251,onUpdate:modelValue._cache.<computed>._cache.<computed>
FN:259,onUpdate:modelValue._cache.<computed>._cache.<computed>
FN:268,onUpdate:modelValue._cache.<computed>._cache.<computed>
FN:283,onUpdate:modelValue._cache.<computed>._cache.<computed>
FN:292,onUpdate:modelValue._cache.<computed>._cache.<computed>
FNF:19
FNH:4
FNDA:2,restoreDraft
FNDA:0,toggleTag
FNDA:3,submit
FNDA:3,onSuccess
FNDA:1,$setup.hasDraft.onClick._cache.<computed>._cache.<computed>
FNDA:0,onUpdate:modelValue._cache.<computed>._cache.<computed>
FNDA:0,onUpdate:modelValue._cache.<computed>._cache.<computed>
FNDA:0,onUpdate:modelValue._cache.<computed>._cache.<computed>
FNDA:0,onUpdate:modelValue._cache.<computed>._cache.<computed>
FNDA:0,onUpdate:modelValue._cache.<computed>._cache.<computed>
FNDA:0,onChange
FNDA:0,onUpdate:modelValue._cache.<computed>._cache.<computed>
FNDA:0,onUpdate:modelValue._cache.<computed>._cache.<computed>
FNDA:0,onUpdate:modelValue._cache.<computed>._cache.<computed>
FNDA:0,onUpdate:modelValue._cache.<computed>._cache.<computed>
FNDA:0,onUpdate:modelValue._cache.<computed>._cache.<computed>
FNDA:0,onUpdate:modelValue._cache.<computed>._cache.<computed>
FNDA:0,onUpdate:modelValue._cache.<computed>._cache.<computed>
FNDA:0,onUpdate:modelValue._cache.<computed>._cache.<computed>
DA:2,1
DA:3,1
DA:4,1
DA:5,1
DA:6,1
DA:7,1
DA:8,1
DA:9,1
DA:10,1
DA:11,1
DA:12,1
DA:13,1
DA:14,1
DA:17,1
DA:24,1
DA:25,1
DA:26,1
DA:27,1
DA:28,1
DA:29,1
DA:30,1
DA:31,1
DA:32,1
DA:33,1
DA:34,1
DA:35,1
DA:36,1
DA:37,1
DA:38,1
DA:39,0
DA:40,1
DA:41,1
DA:43,1
DA:45,1
DA:46,1
DA:47,1
DA:48,1
DA:49,1
DA:50,1
DA:51,1
DA:53,2
DA:54,2
DA:55,1
DA:56,1
DA:57,2
DA:58,2
DA:60,0
DA:61,0
DA:62,0
DA:63,0
DA:64,0
DA:66,3
DA:67,3
DA:68,3
DA:69,3
DA:70,3
DA:71,3
DA:72,3
DA:73,3
DA:77,1
DA:78,1
DA:80,19
DA:82,1
DA:83,1
DA:84,4
DA:86,4
DA:87,4
DA:88,4
DA:89,4
DA:90,4
DA:91,4
DA:92,4
DA:94,4
DA:95,4
DA:96,4
DA:97,4
DA:98,4
DA:99,4
DA:101,4
DA:102,1
DA:103,1
DA:105,1
DA:106,1
DA:107,1
DA:109,1
DA:110,1
DA:111,1
DA:112,1
DA:113,1
DA:114,1
DA:115,1
DA:116,1
DA:117,1
DA:118,0
DA:120,0
DA:121,1
DA:122,1
DA:124,1
DA:125,1
DA:126,1
DA:127,1
DA:128,1
DA:129,0
DA:131,0
DA:132,1
DA:133,1
DA:135,1
DA:136,1
DA:137,1
DA:138,1
DA:139,1
DA:140,0
DA:142,0
DA:143,1
DA:144,1
DA:146,1
DA:147,1
DA:148,1
DA:149,1
DA:150,1
DA:151,1
DA:152,1
DA:153,1
DA:154,1
DA:156,1
DA:157,1
DA:159,1
DA:160,1
DA:161,1
DA:162,1
DA:164,1
DA:165,1
DA:166,1
DA:167,1
DA:168,1
DA:169,1
DA:170,1
DA:171,1
DA:173,1
DA:174,1
DA:175,1
DA:176,1
DA:177,1
DA:179,1
DA:180,1
DA:181,1
DA:182,1
DA:183,1
DA:184,1
DA:186,1
DA:187,1
DA:188,1
DA:190,1
DA:191,1
DA:192,1
DA:193,1
DA:194,1
DA:195,1
DA:196,1
DA:198,1
DA:199,1
DA:200,1
DA:201,1
DA:202,1
DA:203,1
DA:204,1
DA:205,1
DA:206,1
DA:207,1
DA:209,1
DA:210,1
DA:211,1
DA:212,1
DA:213,1
DA:214,1
DA:215,1
DA:216,1
DA:217,1
DA:219,1
DA:220,1
DA:221,1
DA:222,1
DA:223,1
DA:224,1
DA:225,1
DA:226,1
DA:228,1
DA:229,1
DA:230,1
DA:231,1
DA:232,1
DA:233,1
DA:234,1
DA:235,1
DA:237,1
DA:238,1
DA:240,1
DA:242,1
DA:243,1
DA:245,1
DA:247,1
DA:248,1
DA:249,1
DA:250,1
DA:251,1
DA:252,1
DA:253,1
DA:255,1
DA:256,1
DA:257,1
DA:258,1
DA:259,1
DA:260,1
DA:261,1
DA:262,1
DA:264,1
DA:265,1
DA:266,1
DA:267,1
DA:268,1
DA:269,1
DA:270,1
DA:271,1
DA:272,1
DA:274,1
DA:275,1
DA:277,1
DA:279,1
DA:280,1
DA:281,1
DA:282,1
DA:283,1
DA:284,1
DA:285,1
DA:286,1
DA:288,1
DA:289,1
DA:290,1
DA:291,1
DA:292,1
DA:293,1
DA:294,1
DA:295,1
DA:296,1
DA:298,1
DA:300,1
DA:301,1
DA:302,1
DA:304,1
DA:305,1
DA:306,1
DA:307,1
DA:308,1
DA:309,1
DA:310,1
DA:311,1
DA:312,1
DA:313,1
DA:314,1
DA:315,1
DA:317,1
DA:318,1
DA:319,1
DA:320,1
DA:321,1
DA:323,1
DA:324,1
DA:325,1
DA:326,1
LF:269
LH:257
BRDA:30,0,0,0
BRDA:31,1,0,0
BRDA:33,2,0,18
BRDA:34,3,0,18
BRDA:35,4,0,18
BRDA:36,5,0,18
BRDA:37,6,0,18
BRDA:38,7,0,0
BRDA:32,8,0,19
BRDA:43,9,0,20
BRDA:53,10,0,2
BRDA:54,11,0,1
BRDA:66,12,0,3
BRDA:68,13,0,3
BRDA:78,14,0,19
BRDA:83,15,0,4
BRDA:101,16,0,15
BRDA:117,17,0,0
BRDA:128,18,0,0
BRDA:139,19,0,0
BRDA:284,20,0,18
BRDA:294,21,0,18
BRDA:306,22,0,1
BRDA:309,23,0,18
BRDA:98,24,0,1
BRDA:110,25,0,19
BRDA:125,26,0,19
BRDA:136,27,0,19
BRDA:148,28,0,19
BRDA:156,29,0,19
BRDA:159,30,0,19
BRDA:165,31,0,19
BRDA:173,32,0,19
BRDA:190,33,0,19
BRDA:196,34,0,19
BRDA:196,35,0,19
BRDA:216,36,0,19
BRDA:220,37,0,19
BRDA:229,38,0,19
BRDA:248,39,0,19
BRDA:256,40,0,19
BRDA:265,41,0,19
BRDA:280,42,0,19
BRDA:289,43,0,19
BRDA:317,44,0,19
BRDA:323,45,0,19
BRF:46
BRH:40
end_of_record
TN:
SF:resources/js/Pages/Admin/Posts/Index.vue
FN:26,confirmDelete
FN:31,confirmForceDelete
FN:36,doDelete
FN:39,onFinish
FN:43,doForceDelete
FN:50,restore
FN:54,duplicate
FN:58,switchView
FN:81,triggerBulk
FN:86,submitBulkAction
FN:92,onSuccess
FN:93,onFinish
FN:113,onClick._cache.<computed>._cache.<computed>
FN:120,onClick._cache.<computed>._cache.<computed>
FN:146,$setup.selectedIds.length.$setup.authStore.hasRole.$props.trash.onClick._cache.<computed>._cache.<computed>
FN:154,$setup.selectedIds.length.$setup.authStore.hasRole.$props.trash.onClick._cache.<computed>._cache.<computed>
FN:162,$setup.selectedIds.length.$setup.authStore.hasRole.$props.trash.onClick._cache.<computed>._cache.<computed>
FN:170,$setup.selectedIds.length.$setup.authStore.hasRole.$props.trash.onClick._cache.<computed>._cache.<computed>
FN:177,$setup.selectedIds.length.$setup.authStore.hasRole.onClick._cache.<computed>._cache.<computed>
FN:195,$setup.authStore.hasRole.onChange._cache.<computed>._cache.<computed>
FN:239,onChange
FN:290,onClick
FN:297,onClick
FN:309,onClick
FN:316,onClick
FN:335,onCancel._cache.<computed>._cache.<computed>
FN:343,onCancel._cache.<computed>._cache.<computed>
FN:351,onCancel._cache.<computed>._cache.<computed>
FNF:28
FNH:12
FNDA:4,confirmDelete
FNDA:0,confirmForceDelete
FNDA:1,doDelete
FNDA:0,onFinish
FNDA:0,doForceDelete
FNDA:0,restore
FNDA:2,duplicate
FNDA:0,switchView
FNDA:6,triggerBulk
FNDA:2,submitBulkAction
FNDA:1,onSuccess
FNDA:1,onFinish
FNDA:0,onClick._cache.<computed>._cache.<computed>
FNDA:0,onClick._cache.<computed>._cache.<computed>
FNDA:0,$setup.selectedIds.length.$setup.authStore.hasRole.$props.trash.onClick._cache.<computed>._cache.<computed>
FNDA:0,$setup.selectedIds.length.$setup.authStore.hasRole.$props.trash.onClick._cache.<computed>._cache.<computed>
FNDA:6,$setup.selectedIds.length.$setup.authStore.hasRole.$props.trash.onClick._cache.<computed>._cache.<computed>
FNDA:0,$setup.selectedIds.length.$setup.authStore.hasRole.$props.trash.onClick._cache.<computed>._cache.<computed>
FNDA:0,$setup.selectedIds.length.$setup.authStore.hasRole.onClick._cache.<computed>._cache.<computed>
FNDA:1,$setup.authStore.hasRole.onChange._cache.<computed>._cache.<computed>
FNDA:5,onChange
FNDA:2,onClick
FNDA:4,onClick
FNDA:0,onClick
FNDA:0,onClick
FNDA:0,onCancel._cache.<computed>._cache.<computed>
FNDA:0,onCancel._cache.<computed>._cache.<computed>
FNDA:0,onCancel._cache.<computed>._cache.<computed>
DA:2,1
DA:3,1
DA:4,1
DA:5,1
DA:6,1
DA:7,1
DA:8,1
DA:9,1
DA:10,1
DA:11,1
DA:12,1
DA:15,1
DA:17,1
DA:23,1
DA:24,1
DA:26,4
DA:27,4
DA:28,4
DA:29,4
DA:31,0
DA:32,0
DA:33,0
DA:34,0
DA:36,1
DA:37,1
DA:38,1
DA:39,1
DA:40,1
DA:41,1
DA:43,0
DA:44,0
DA:45,0
DA:46,0
DA:47,0
DA:48,0
DA:50,0
DA:51,0
DA:52,0
DA:54,2
DA:55,2
DA:56,2
DA:58,0
DA:59,0
DA:60,0
DA:63,1
DA:64,1
DA:65,1
DA:67,1
DA:68,1
DA:70,1
DA:71,38
DA:72,38
DA:73,38
DA:74,38
DA:75,38
DA:76,38
DA:77,38
DA:78,38
DA:79,1
DA:81,6
DA:82,6
DA:83,6
DA:84,6
DA:86,2
DA:87,2
DA:88,2
DA:89,2
DA:90,2
DA:91,2
DA:92,2
DA:93,2
DA:94,1
DA:95,1
DA:96,1
DA:97,2
DA:98,2
DA:102,1
DA:103,1
DA:105,40
DA:107,1
DA:108,1
DA:109,1
DA:110,1
DA:111,1
DA:112,1
DA:113,1
DA:114,1
DA:116,1
DA:117,1
DA:118,1
DA:119,1
DA:120,1
DA:121,1
DA:123,1
DA:124,1
DA:126,1
DA:127,1
DA:128,1
DA:130,1
DA:132,1
DA:133,1
DA:134,1
DA:136,1
DA:137,1
DA:138,1
DA:140,1
DA:141,1
DA:142,1
DA:143,1
DA:144,1
DA:145,1
DA:146,1
DA:147,1
DA:149,1
DA:150,1
DA:151,1
DA:152,1
DA:153,1
DA:154,1
DA:155,1
DA:157,1
DA:158,1
DA:159,1
DA:160,1
DA:161,1
DA:162,1
DA:163,1
DA:165,1
DA:166,1
DA:167,1
DA:168,1
DA:169,1
DA:170,1
DA:171,1
DA:173,1
DA:174,1
DA:175,1
DA:176,1
DA:177,1
DA:178,1
DA:180,1
DA:181,1
DA:183,1
DA:184,1
DA:185,1
DA:186,1
DA:187,1
DA:188,1
DA:189,1
DA:191,1
DA:192,1
DA:193,1
DA:194,1
DA:195,1
DA:196,1
DA:197,1
DA:198,1
DA:200,28
DA:201,1
DA:203,28
DA:204,1
DA:206,28
DA:207,1
DA:209,28
DA:210,1
DA:212,28
DA:213,1
DA:215,28
DA:216,1
DA:217,1
DA:218,1
DA:219,1
DA:220,1
DA:221,1
DA:222,1
DA:224,1
DA:225,1
DA:226,1
DA:227,1
DA:228,1
DA:229,1
DA:230,1
DA:232,1
DA:233,1
DA:234,1
DA:236,1
DA:237,1
DA:238,1
DA:239,1
DA:240,1
DA:241,1
DA:242,1
DA:243,1
DA:244,1
DA:245,1
DA:246,1
DA:247,1
DA:248,1
DA:249,1
DA:250,1
DA:251,1
DA:252,1
DA:253,1
DA:254,1
DA:255,1
DA:256,1
DA:257,1
DA:259,1
DA:260,1
DA:261,1
DA:262,1
DA:263,39
DA:264,39
DA:265,1
DA:266,1
DA:267,1
DA:268,1
DA:269,1
DA:270,1
DA:271,1
DA:272,1
DA:273,1
DA:274,1
DA:275,1
DA:276,56
DA:278,56
DA:279,56
DA:280,56
DA:281,56
DA:283,56
DA:285,56
DA:286,56
DA:287,56
DA:288,56
DA:289,56
DA:290,56
DA:291,56
DA:293,56
DA:294,56
DA:295,56
DA:296,56
DA:297,56
DA:298,56
DA:300,56
DA:301,56
DA:302,56
DA:303,1
DA:304,1
DA:306,1
DA:307,1
DA:308,1
DA:309,1
DA:310,1
DA:312,1
DA:313,1
DA:314,1
DA:315,1
DA:316,1
DA:317,1
DA:319,1
DA:320,1
DA:321,1
DA:322,1
DA:323,1
DA:324,1
DA:325,1
DA:327,1
DA:328,1
DA:330,1
DA:331,1
DA:332,1
DA:333,1
DA:334,1
DA:335,1
DA:336,1
DA:338,1
DA:339,1
DA:340,1
DA:341,1
DA:342,1
DA:343,1
DA:344,1
DA:346,1
DA:347,1
DA:348,1
DA:349,1
DA:350,1
DA:351,1
DA:352,1
DA:353,1
LF:290
LH:274
BRDA:26,0,0,4
BRDA:36,1,0,1
BRDA:37,2,0,0
BRDA:54,3,0,2
BRDA:64,4,0,22
BRDA:64,5,0,38
BRDA:65,6,0,29
BRDA:70,7,0,38
BRDA:78,8,0,35
BRDA:78,9,0,35
BRDA:81,10,0,6
BRDA:86,11,0,2
BRDA:92,12,0,1
BRDA:93,13,0,1
BRDA:103,14,0,40
BRDA:105,15,0,28
BRDA:112,16,0,35
BRDA:112,17,0,5
BRDA:113,18,0,28
BRDA:119,19,0,5
BRDA:119,20,0,35
BRDA:120,21,0,28
BRDA:127,22,0,35
BRDA:137,23,0,9
BRDA:146,24,0,5
BRDA:154,25,0,5
BRDA:162,26,0,5
BRDA:177,27,0,6
BRDA:194,28,0,9
BRDA:195,29,0,22
BRDA:198,30,0,28
BRDA:201,31,0,28
BRDA:204,32,0,28
BRDA:207,33,0,28
BRDA:210,34,0,28
BRDA:213,35,0,28
BRDA:219,36,0,1
BRDA:221,37,0,0
BRDA:224,38,0,0
BRDA:224,39,0,39
BRDA:331,40,0,2
BRDA:335,41,0,28
BRDA:339,42,0,2
BRDA:343,43,0,28
BRDA:351,44,0,28
BRDA:132,45,0,19
BRDA:149,46,0,5
BRDA:157,47,0,5
BRDA:162,48,0,6
BRDA:165,49,0,5
BRDA:173,50,0,1
BRDA:195,51,0,1
BRDA:244,52,0,1
BRDA:246,53,0,71
BRDA:249,54,0,33
BRDA:249,55,0,39
BRDA:262,56,0,39
BRDA:264,57,0,33
BRDA:275,58,0,66
BRDA:275,59,0,56
BRDA:303,60,0,6
BRDA:239,61,0,5
BRDA:285,62,0,56
BRDA:285,63,0,18
BRDA:290,64,0,2
BRDA:293,65,0,56
BRDA:293,66,0,18
BRDA:297,67,0,4
BRDA:300,68,0,56
BRDA:300,69,0,18
BRDA:312,70,0,5
BRDA:312,71,0,3
BRDA:319,72,0,5
BRDA:319,73,0,3
BRF:74
BRH:71
end_of_record
TN:
SF:resources/js/Pages/Admin/Tags/Index.vue
FN:25,submitAdd
FN:35,startEdit
FN:41,submitEdit
FN:51,doDelete
FN:64,submitBulkDelete
FN:70,onSuccess
FN:71,onFinish
FN:99,$setup.authStore.hasRole.onUpdate:modelValue._cache.<computed>._cache.<computed>
FN:112,$setup.authStore.hasRole.onUpdate:modelValue._cache.<computed>._cache.<computed>
FN:139,$setup.selectedIds.length.$setup.authStore.hasRole.onClick._cache.<computed>._cache.<computed>
FN:145,$setup.selectedIds.length.$setup.authStore.hasRole.onClick._cache.<computed>._cache.<computed>
FN:164,$setup.authStore.hasRole.onChange._cache.<computed>._cache.<computed>
FN:206,$setup.editingId.tag.id.onUpdate:modelValue._cache.<computed>._cache.<computed>
FN:210,$setup.editingId.tag.id.onUpdate:modelValue._cache.<computed>._cache.<computed>
FN:224,$setup.editingId.tag.id.onClick._cache.<computed>._cache.<computed>
FN:240,onChange
FN:257,onClick
FN:264,onClick
FN:284,onCancel._cache.<computed>._cache.<computed>
FN:292,onCancel._cache.<computed>._cache.<computed>
FNF:20
FNH:7
FNDA:0,submitAdd
FNDA:2,startEdit
FNDA:0,submitEdit
FNDA:0,doDelete
FNDA:2,submitBulkDelete
FNDA:1,onSuccess
FNDA:1,onFinish
FNDA:0,$setup.authStore.hasRole.onUpdate:modelValue._cache.<computed>._cache.<computed>
FNDA:0,$setup.authStore.hasRole.onUpdate:modelValue._cache.<computed>._cache.<computed>
FNDA:4,$setup.selectedIds.length.$setup.authStore.hasRole.onClick._cache.<computed>._cache.<computed>
FNDA:0,$setup.selectedIds.length.$setup.authStore.hasRole.onClick._cache.<computed>._cache.<computed>
FNDA:0,$setup.authStore.hasRole.onChange._cache.<computed>._cache.<computed>
FNDA:0,$setup.editingId.tag.id.onUpdate:modelValue._cache.<computed>._cache.<computed>
FNDA:0,$setup.editingId.tag.id.onUpdate:modelValue._cache.<computed>._cache.<computed>
FNDA:0,$setup.editingId.tag.id.onClick._cache.<computed>._cache.<computed>
FNDA:3,onChange
FNDA:2,onClick
FNDA:0,onClick
FNDA:0,onCancel._cache.<computed>._cache.<computed>
FNDA:0,onCancel._cache.<computed>._cache.<computed>
DA:2,1
DA:3,1
DA:4,1
DA:5,1
DA:6,1
DA:7,1
DA:8,1
DA:9,1
DA:10,1
DA:11,1
DA:12,1
DA:13,1
DA:16,1
DA:18,1
DA:23,1
DA:25,0
DA:26,0
DA:27,0
DA:28,0
DA:29,0
DA:32,1
DA:33,1
DA:35,2
DA:36,2
DA:37,2
DA:38,2
DA:39,2
DA:41,0
DA:42,0
DA:43,0
DA:44,0
DA:45,0
DA:46,0
DA:49,1
DA:51,0
DA:52,0
DA:53,0
DA:54,0
DA:55,0
DA:56,0
DA:59,1
DA:60,1
DA:61,1
DA:62,1
DA:64,2
DA:65,2
DA:66,2
DA:67,2
DA:68,2
DA:69,2
DA:70,2
DA:71,2
DA:72,2
DA:73,2
DA:77,1
DA:78,1
DA:80,20
DA:82,1
DA:83,1
DA:84,1
DA:85,1
DA:86,1
DA:88,1
DA:90,1
DA:91,1
DA:92,1
DA:93,1
DA:95,1
DA:96,1
DA:97,1
DA:98,1
DA:99,1
DA:100,1
DA:101,1
DA:102,1
DA:103,1
DA:104,0
DA:106,0
DA:107,1
DA:108,1
DA:109,1
DA:110,1
DA:111,1
DA:112,1
DA:113,1
DA:114,1
DA:115,1
DA:116,1
DA:117,0
DA:119,0
DA:120,1
DA:121,1
DA:122,1
DA:123,1
DA:124,1
DA:125,1
DA:127,1
DA:128,1
DA:129,1
DA:131,1
DA:132,1
DA:133,1
DA:135,1
DA:136,1
DA:137,1
DA:138,1
DA:139,1
DA:140,1
DA:142,1
DA:143,1
DA:144,1
DA:145,1
DA:146,1
DA:148,1
DA:149,1
DA:151,1
DA:152,1
DA:153,1
DA:154,1
DA:155,1
DA:156,1
DA:157,1
DA:158,1
DA:160,1
DA:161,1
DA:162,1
DA:163,1
DA:164,1
DA:165,1
DA:166,1
DA:167,1
DA:169,13
DA:170,1
DA:172,13
DA:173,1
DA:175,13
DA:176,1
DA:177,1
DA:178,1
DA:179,1
DA:180,1
DA:181,1
DA:182,1
DA:183,1
DA:185,1
DA:186,1
DA:187,1
DA:188,1
DA:189,1
DA:190,1
DA:192,1
DA:193,1
DA:194,1
DA:195,1
DA:196,1
DA:197,1
DA:198,1
DA:199,1
DA:201,1
DA:202,1
DA:203,1
DA:205,1
DA:206,1
DA:207,1
DA:208,1
DA:209,1
DA:210,1
DA:211,1
DA:212,1
DA:213,1
DA:214,1
DA:215,1
DA:216,1
DA:217,1
DA:219,1
DA:220,1
DA:221,1
DA:222,1
DA:223,1
DA:224,1
DA:225,1
DA:227,1
DA:228,1
DA:229,1
DA:230,1
DA:231,1
DA:232,1
DA:233,1
DA:234,1
DA:235,1
DA:237,1
DA:238,1
DA:239,1
DA:240,1
DA:241,1
DA:242,1
DA:243,1
DA:244,1
DA:245,1
DA:246,1
DA:247,1
DA:248,1
DA:249,1
DA:250,1
DA:251,1
DA:252,1
DA:254,1
DA:255,1
DA:256,1
DA:257,1
DA:258,1
DA:260,1
DA:261,1
DA:262,1
DA:263,1
DA:264,1
DA:265,1
DA:267,1
DA:268,1
DA:269,1
DA:270,1
DA:271,1
DA:272,1
DA:273,1
DA:274,1
DA:276,1
DA:277,1
DA:279,1
DA:280,1
DA:281,1
DA:282,1
DA:283,1
DA:284,1
DA:285,1
DA:287,1
DA:288,1
DA:289,1
DA:290,1
DA:291,1
DA:292,1
DA:293,1
DA:294,1
LF:242
LH:221
BRDA:35,0,0,2
BRDA:60,1,0,9
BRDA:60,2,0,16
BRDA:61,3,0,13
BRDA:64,4,0,2
BRDA:70,5,0,1
BRDA:71,6,0,1
BRDA:78,7,0,20
BRDA:80,8,0,13
BRDA:99,9,0,9
BRDA:103,10,0,0
BRDA:112,11,0,9
BRDA:116,12,0,0
BRDA:132,13,0,5
BRDA:139,14,0,3
BRDA:145,15,0,3
BRDA:163,16,0,5
BRDA:164,17,0,9
BRDA:167,18,0,13
BRDA:170,19,0,13
BRDA:173,20,0,13
BRDA:179,21,0,1
BRDA:181,22,0,0
BRDA:185,23,0,19
BRDA:284,24,0,13
BRDA:292,25,0,13
BRDA:96,26,0,9
BRDA:110,27,0,9
BRDA:127,28,0,9
BRDA:139,29,0,4
BRDA:142,30,0,3
BRDA:192,31,0,1
BRDA:219,32,0,1
BRDA:227,33,0,1
BRDA:240,34,0,3
BRDA:257,35,0,2
BRDA:260,36,0,29
BRDA:260,37,0,8
BRDA:267,38,0,29
BRDA:267,39,0,8
BRF:40
BRH:37
end_of_record
TN:
SF:resources/js/components/Admin/ConfirmModal.vue
FN:35,onClick._cache.<computed>._cache.<computed>
FN:38,onClick._cache.<computed>._cache.<computed>
FNF:2
FNH:2
FNDA:2,onClick._cache.<computed>._cache.<computed>
FNDA:2,onClick._cache.<computed>._cache.<computed>
DA:2,1
DA:19,1
DA:26,1
DA:27,1
DA:28,1
DA:29,1
DA:30,1
DA:31,1
DA:32,1
DA:33,1
DA:34,1
DA:35,1
DA:37,1
DA:38,1
DA:40,1
DA:41,1
DA:42,1
DA:43,1
LF:18
LH:18
BRDA:35,0,0,2
BRDA:37,1,0,4
BRDA:38,2,0,2
BRDA:40,3,0,4
BRF:4
BRH:4
end_of_record
TN:
SF:resources/js/components/Admin/FlashBanner.vue
FN:1,(empty-report)
FNF:1
FNH:1
FNDA:1,(empty-report)
DA:2,0
DA:3,0
DA:6,0
DA:8,0
DA:9,0
DA:10,0
DA:12,0
DA:13,0
DA:14,0
DA:15,0
DA:16,0
DA:17,0
DA:18,0
DA:19,0
DA:20,0
DA:21,0
DA:22,0
DA:23,0
DA:25,0
DA:26,0
DA:27,0
DA:28,0
DA:29,0
DA:31,0
DA:32,0
DA:33,0
DA:34,0
DA:38,0
DA:39,0
DA:40,0
DA:45,0
DA:46,0
DA:47,0
DA:48,0
DA:49,0
DA:51,0
DA:52,0
LF:37
LH:0
BRDA:1,0,0,1
BRF:1
BRH:1
end_of_record
TN:
SF:resources/js/components/Admin/Pagination.vue
FN:12,navigate
FN:16,decodeLabel
FN:35,onClick
FNF:3
FNH:3
FNDA:1,navigate
FNDA:16,decodeLabel
FNDA:1,onClick
DA:2,1
DA:12,1
DA:13,1
DA:14,1
DA:16,16
DA:17,16
DA:18,16
DA:19,16
DA:20,16
DA:21,16
DA:22,16
DA:23,16
DA:27,1
DA:28,1
DA:29,1
DA:30,1
DA:31,1
DA:32,1
DA:33,1
DA:34,1
DA:35,1
DA:37,1
DA:38,1
DA:39,1
LF:24
LH:24
BRDA:12,0,0,1
BRDA:16,1,0,16
BRDA:33,2,0,4
BRDA:33,3,0,12
BRDA:35,4,0,1
BRF:5
BRH:5
end_of_record
TN:
SF:resources/js/components/Admin/SlugInput.vue
FN:14,toSlug
FN:38,onInput
FNF:2
FNH:2
FNDA:7,toSlug
FNDA:1,onInput
DA:2,1
DA:3,1
DA:5,1
DA:10,1
DA:14,7
DA:15,7
DA:16,7
DA:17,7
DA:18,7
DA:19,7
DA:20,7
DA:21,7
DA:22,7
DA:23,7
DA:26,1
DA:28,1
DA:29,2
DA:30,2
DA:32,2
DA:33,1
DA:34,1
DA:35,1
DA:36,1
DA:38,1
DA:39,1
DA:41,1
DA:42,1
DA:43,1
DA:47,1
DA:48,1
DA:49,1
DA:50,1
DA:51,1
LF:33
LH:33
BRDA:26,0,0,2
BRDA:14,1,0,7
BRDA:28,2,0,6
BRDA:28,3,0,2
BRDA:29,4,0,0
BRDA:32,5,0,1
BRDA:32,6,0,1
BRDA:38,7,0,1
BRF:8
BRH:7
end_of_record
TN:
SF:resources/js/components/Admin/StatusBadge.vue
FNF:0
FNH:0
DA:2,1
DA:4,1
DA:10,1
DA:11,1
DA:12,1
LF:5
LH:5
BRDA:10,0,0,1
BRDA:10,1,0,1
BRDA:11,2,0,1
BRDA:11,3,0,1
BRF:4
BRH:4
end_of_record
TN:
SF:resources/js/components/Admin/TipTapEditor.vue
FN:27,onUpdate
FN:42,onClick._cache.<computed>._cache.<computed>
FN:52,$setup.editor.onClick._cache.<computed>._cache.<computed>
FN:60,$setup.editor.onClick._cache.<computed>._cache.<computed>
FN:68,$setup.editor.onClick._cache.<computed>._cache.<computed>
FN:76,$setup.editor.onClick._cache.<computed>._cache.<computed>
FN:84,$setup.editor.onClick._cache.<computed>._cache.<computed>
FNF:7
FNH:3
FNDA:2,onUpdate
FNDA:2,onClick._cache.<computed>._cache.<computed>
FNDA:1,$setup.editor.onClick._cache.<computed>._cache.<computed>
FNDA:0,$setup.editor.onClick._cache.<computed>._cache.<computed>
FNDA:0,$setup.editor.onClick._cache.<computed>._cache.<computed>
FNDA:0,$setup.editor.onClick._cache.<computed>._cache.<computed>
FNDA:0,$setup.editor.onClick._cache.<computed>._cache.<computed>
DA:2,1
DA:3,1
DA:4,1
DA:5,1
DA:6,1
DA:7,1
DA:8,1
DA:10,1
DA:15,1
DA:19,1
DA:20,1
DA:21,1
DA:22,1
DA:23,1
DA:24,1
DA:25,1
DA:26,1
DA:27,1
DA:28,2
DA:29,2
DA:30,1
DA:32,1
DA:33,1
DA:34,1
DA:35,1
DA:36,1
DA:40,1
DA:41,1
DA:42,1
DA:44,1
DA:45,1
DA:46,1
DA:48,1
DA:49,1
DA:50,1
DA:51,1
DA:52,1
DA:53,1
DA:55,1
DA:56,1
DA:57,1
DA:58,1
DA:59,1
DA:60,1
DA:61,1
DA:63,1
DA:64,1
DA:65,1
DA:66,1
DA:67,1
DA:68,1
DA:69,1
DA:71,1
DA:72,1
DA:73,1
DA:74,1
DA:75,1
DA:76,1
DA:77,1
DA:79,1
DA:80,1
DA:81,1
DA:82,1
DA:83,1
DA:84,1
DA:85,1
DA:87,1
DA:88,1
DA:89,1
DA:90,1
LF:70
LH:70
BRDA:27,0,0,2
BRDA:32,1,0,9
BRDA:32,2,0,1
BRDA:42,3,0,8
BRDA:52,4,0,8
BRDA:60,5,0,8
BRDA:68,6,0,8
BRDA:76,7,0,8
BRDA:84,8,0,8
BRDA:89,9,0,0
BRDA:42,10,0,2
BRDA:52,11,0,1
BRF:12
BRH:11
end_of_record
TN:
SF:resources/js/composables/useAutosave.ts
FN:12,useAutosave
FN:19,saveToLocalStorage
FN:29,scheduleSave
FN:36,serverSave
FN:77,clearDraft
FN:83,dismissDraft
FNF:6
FNH:6
FNDA:13,useAutosave
FNDA:3,saveToLocalStorage
FNDA:5,scheduleSave
FNDA:3,serverSave
FNDA:1,clearDraft
FNDA:1,dismissDraft
DA:1,1
DA:2,1
DA:12,1
DA:13,13
DA:14,13
DA:15,13
DA:17,13
DA:19,13
DA:20,3
DA:21,3
DA:22,3
DA:23,3
DA:24,3
DA:25,3
DA:27,13
DA:29,13
DA:30,5
DA:31,5
DA:32,5
DA:34,13
DA:36,13
DA:37,3
DA:38,2
DA:39,2
DA:40,2
DA:41,1
DA:43,1
DA:44,3
DA:46,13
DA:48,13
DA:50,13
DA:51,13
DA:52,5
DA:53,5
DA:54,5
DA:55,3
DA:56,3
DA:57,3
DA:58,3
DA:59,5
DA:60,1
DA:61,1
DA:62,5
DA:65,13
DA:66,1
DA:67,1
DA:68,1
DA:69,13
DA:71,13
DA:72,13
DA:73,13
DA:74,13
DA:75,13
DA:77,13
DA:78,1
DA:79,1
DA:80,1
DA:81,1
DA:83,13
DA:84,1
DA:85,1
DA:86,1
DA:88,13
DA:89,13
LF:64
LH:64
BRDA:12,0,0,13
BRDA:19,1,0,3
BRDA:29,2,0,5
BRDA:30,3,0,1
BRDA:36,4,0,3
BRDA:37,5,0,1
BRDA:37,6,0,2
BRDA:40,7,0,1
BRDA:48,8,0,13
BRDA:51,9,0,5
BRDA:54,10,0,3
BRDA:59,11,0,1
BRDA:62,12,0,10
BRDA:65,13,0,1
BRDA:71,14,0,13
BRDA:73,15,0,4
BRDA:77,16,0,1
BRDA:83,17,0,1
BRF:18
BRH:18
end_of_record
TN:
SF:resources/js/composables/useBulkSelection.ts
FN:3,useBulkSelection
FN:6,isAllSelected
FN:10,toggleAll
FN:19,toggle
FN:27,clearSelection
FNF:5
FNH:5
FNDA:95,useBulkSelection
FNDA:94,isAllSelected
FNDA:7,toggleAll
FNDA:20,toggle
FNDA:5,clearSelection
DA:1,1
DA:3,1
DA:4,95
DA:6,95
DA:7,94
DA:8,94
DA:10,95
DA:11,7
DA:12,1
DA:13,7
DA:14,6
DA:15,6
DA:16,6
DA:17,7
DA:19,95
DA:20,20
DA:21,1
DA:22,20
DA:23,19
DA:24,19
DA:25,20
DA:27,95
DA:28,5
DA:29,5
DA:31,95
DA:32,95
LF:26
LH:26
BRDA:3,0,0,95
BRDA:6,1,0,94
BRDA:7,2,0,89
BRDA:7,3,0,109
BRDA:10,4,0,7
BRDA:11,5,0,1
BRDA:13,6,0,6
BRDA:12,7,0,3
BRDA:14,8,0,17
BRDA:19,9,0,20
BRDA:20,10,0,1
BRDA:22,11,0,19
BRDA:21,12,0,1
BRDA:27,13,0,5
BRF:14
BRH:14
end_of_record
TN:
SF:resources/js/composables/useNavigationGuard.ts
FN:4,useNavigationGuard
FN:14,handleBeforeUnload
FNF:2
FNH:2
FNDA:7,useNavigationGuard
FNDA:2,handleBeforeUnload
DA:1,1
DA:2,1
DA:4,1
DA:5,7
DA:6,4
DA:7,3
DA:8,2
DA:9,2
DA:10,2
DA:11,4
DA:12,7
DA:14,7
DA:15,2
DA:16,1
DA:17,1
DA:18,1
DA:19,2
DA:21,7
DA:23,7
DA:24,1
DA:25,1
DA:26,7
DA:27,7
LF:23
LH:23
BRDA:4,0,0,7
BRDA:5,1,0,4
BRDA:6,2,0,1
BRDA:6,3,0,3
BRDA:7,4,0,1
BRDA:7,5,0,2
BRDA:11,6,0,1
BRDA:14,7,0,2
BRDA:15,8,0,1
BRDA:23,9,0,1
BRF:10
BRH:10
end_of_record
TN:
SF:resources/js/composables/useThemeMode.ts
FN:6,useThemeMode
FN:18,setTheme
FNF:2
FNH:2
FNDA:4,useThemeMode
FNDA:1,setTheme
DA:1,1
DA:2,1
DA:3,1
DA:6,1
DA:7,4
DA:9,4
DA:11,4
DA:12,13
DA:13,13
DA:14,13
DA:15,13
DA:16,4
DA:18,4
DA:19,1
DA:20,1
DA:22,4
DA:23,4
LF:17
LH:17
BRDA:6,0,0,4
BRDA:9,1,0,13
BRDA:9,2,0,0
BRDA:11,3,0,13
BRDA:14,4,0,10
BRDA:14,5,0,7
BRDA:18,6,0,1
BRF:7
BRH:6
end_of_record
TN:
SF:resources/js/lib/utils.ts
FN:5,cn
FNF:1
FNH:0
FNDA:0,cn
DA:2,1
DA:3,1
DA:5,1
DA:6,0
DA:7,0
LF:5
LH:3
BRF:0
BRH:0
end_of_record
TN:
SF:resources/js/stores/useAuthStore.ts
FN:1,(empty-report)
FNF:1
FNH:0
FNDA:0,(empty-report)
DA:1,0
DA:2,0
DA:3,0
DA:6,0
DA:7,0
DA:9,0
DA:11,0
DA:12,0
DA:13,0
DA:15,0
DA:16,0
LF:11
LH:0
BRDA:1,0,0,0
BRF:1
BRH:0
end_of_record
